

================================================================
== Vivado HLS Report for 'grad_horizontal'
================================================================
* Date:           Mon Jan 21 18:53:37 2019

* Version:        2018.3 (Build 2405991 on Thu Dec 06 23:56:15 MST 2018)
* Project:        proj
* Solution:       sol1
* Product family: zynq
* Target device:  xc7z020clg484-1


================================================================
== Performance Estimates
================================================================
+ Timing (ns): 
    * Summary: 
    +--------+-------+----------+------------+
    |  Clock | Target| Estimated| Uncertainty|
    +--------+-------+----------+------------+
    |ap_clk  |   6.00|     5.089|        0.75|
    +--------+-------+----------+------------+

+ Latency (clock cycles): 
    * Summary: 
    +--------+--------+--------+--------+---------+
    |     Latency     |     Interval    | Pipeline|
    |   min  |   max  |   min  |   max  |   Type  |
    +--------+--------+--------+--------+---------+
    |  151187|  151187|  151187|  151187|   none  |
    +--------+--------+--------+--------+---------+

    + Detail: 
        * Instance: 
        +---------------------+----------+--------+--------+--------+--------+---------+
        |                     |          |     Latency     |     Interval    | Pipeline|
        |       Instance      |  Module  |   min  |   max  |   min  |   max  |   Type  |
        +---------------------+----------+--------+--------+--------+--------+---------+
        |grp_Filter2D_fu_118  |Filter2D  |  151186|  151186|  151186|  151186|   none  |
        +---------------------+----------+--------+--------+--------+--------+---------+

        * Loop: 
        N/A



================================================================
== Utilization Estimates
================================================================
* Summary: 
+-----------------+---------+-------+--------+-------+
|       Name      | BRAM_18K| DSP48E|   FF   |  LUT  |
+-----------------+---------+-------+--------+-------+
|DSP              |        -|      -|       -|      -|
|Expression       |        -|      -|       0|      2|
|FIFO             |        -|      -|       -|      -|
|Instance         |       12|     42|    3259|   3470|
|Memory           |        -|      -|       -|      -|
|Multiplexer      |        -|      -|       -|     78|
|Register         |        -|      -|       4|      -|
+-----------------+---------+-------+--------+-------+
|Total            |       12|     42|    3263|   3550|
+-----------------+---------+-------+--------+-------+
|Available        |      280|    220|  106400|  53200|
+-----------------+---------+-------+--------+-------+
|Utilization (%)  |        4|     19|       3|      6|
+-----------------+---------+-------+--------+-------+

+ Detail: 
    * Instance: 
    +---------------------+----------+---------+-------+------+------+
    |       Instance      |  Module  | BRAM_18K| DSP48E|  FF  |  LUT |
    +---------------------+----------+---------+-------+------+------+
    |grp_Filter2D_fu_118  |Filter2D  |       12|     42|  3259|  3470|
    +---------------------+----------+---------+-------+------+------+
    |Total                |          |       12|     42|  3259|  3470|
    +---------------------+----------+---------+-------+------+------+

    * DSP48: 
    N/A

    * Memory: 
    N/A

    * FIFO: 
    N/A

    * Expression: 
    +-----------------+----------+-------+---+----+------------+------------+
    |  Variable Name  | Operation| DSP48E| FF| LUT| Bitwidth P0| Bitwidth P1|
    +-----------------+----------+-------+---+----+------------+------------+
    |ap_block_state1  |    or    |      0|  0|   2|           1|           1|
    +-----------------+----------+-------+---+----+------------+------------+
    |Total            |          |      0|  0|   2|           1|           1|
    +-----------------+----------+-------+---+----+------------+------------+

    * Multiplexer: 
    +-------------------------------+----+-----------+-----+-----------+
    |              Name             | LUT| Input Size| Bits| Total Bits|
    +-------------------------------+----+-----------+-----+-----------+
    |ap_NS_fsm                      |  15|          3|    1|          3|
    |ap_done                        |   9|          2|    1|          2|
    |img_in_data_stream_0_V_read    |   9|          2|    1|          2|
    |img_in_data_stream_1_V_read    |   9|          2|    1|          2|
    |img_in_data_stream_2_V_read    |   9|          2|    1|          2|
    |img_out_data_stream_0_V_write  |   9|          2|    1|          2|
    |img_out_data_stream_1_V_write  |   9|          2|    1|          2|
    |img_out_data_stream_2_V_write  |   9|          2|    1|          2|
    +-------------------------------+----+-----------+-----+-----------+
    |Total                          |  78|         17|    8|         17|
    +-------------------------------+----+-----------+-----+-----------+

    * Register: 
    +----------------------------------+---+----+-----+-----------+
    |               Name               | FF| LUT| Bits| Const Bits|
    +----------------------------------+---+----+-----+-----------+
    |ap_CS_fsm                         |  2|   0|    2|          0|
    |ap_done_reg                       |  1|   0|    1|          0|
    |grp_Filter2D_fu_118_ap_start_reg  |  1|   0|    1|          0|
    +----------------------------------+---+----+-----+-----------+
    |Total                             |  4|   0|    4|          0|
    +----------------------------------+---+----+-----+-----------+



================================================================
== Interface
================================================================
* Summary: 
+--------------------------------+-----+-----+------------+-------------------------+--------------+
|            RTL Ports           | Dir | Bits|  Protocol  |      Source Object      |    C Type    |
+--------------------------------+-----+-----+------------+-------------------------+--------------+
|ap_clk                          |  in |    1| ap_ctrl_hs |     grad_horizontal     | return value |
|ap_rst                          |  in |    1| ap_ctrl_hs |     grad_horizontal     | return value |
|ap_start                        |  in |    1| ap_ctrl_hs |     grad_horizontal     | return value |
|ap_done                         | out |    1| ap_ctrl_hs |     grad_horizontal     | return value |
|ap_continue                     |  in |    1| ap_ctrl_hs |     grad_horizontal     | return value |
|ap_idle                         | out |    1| ap_ctrl_hs |     grad_horizontal     | return value |
|ap_ready                        | out |    1| ap_ctrl_hs |     grad_horizontal     | return value |
|img_in_data_stream_0_V_dout     |  in |    8|   ap_fifo  |  img_in_data_stream_0_V |    pointer   |
|img_in_data_stream_0_V_empty_n  |  in |    1|   ap_fifo  |  img_in_data_stream_0_V |    pointer   |
|img_in_data_stream_0_V_read     | out |    1|   ap_fifo  |  img_in_data_stream_0_V |    pointer   |
|img_in_data_stream_1_V_dout     |  in |    8|   ap_fifo  |  img_in_data_stream_1_V |    pointer   |
|img_in_data_stream_1_V_empty_n  |  in |    1|   ap_fifo  |  img_in_data_stream_1_V |    pointer   |
|img_in_data_stream_1_V_read     | out |    1|   ap_fifo  |  img_in_data_stream_1_V |    pointer   |
|img_in_data_stream_2_V_dout     |  in |    8|   ap_fifo  |  img_in_data_stream_2_V |    pointer   |
|img_in_data_stream_2_V_empty_n  |  in |    1|   ap_fifo  |  img_in_data_stream_2_V |    pointer   |
|img_in_data_stream_2_V_read     | out |    1|   ap_fifo  |  img_in_data_stream_2_V |    pointer   |
|img_out_data_stream_0_V_din     | out |    8|   ap_fifo  | img_out_data_stream_0_V |    pointer   |
|img_out_data_stream_0_V_full_n  |  in |    1|   ap_fifo  | img_out_data_stream_0_V |    pointer   |
|img_out_data_stream_0_V_write   | out |    1|   ap_fifo  | img_out_data_stream_0_V |    pointer   |
|img_out_data_stream_1_V_din     | out |    8|   ap_fifo  | img_out_data_stream_1_V |    pointer   |
|img_out_data_stream_1_V_full_n  |  in |    1|   ap_fifo  | img_out_data_stream_1_V |    pointer   |
|img_out_data_stream_1_V_write   | out |    1|   ap_fifo  | img_out_data_stream_1_V |    pointer   |
|img_out_data_stream_2_V_din     | out |    8|   ap_fifo  | img_out_data_stream_2_V |    pointer   |
|img_out_data_stream_2_V_full_n  |  in |    1|   ap_fifo  | img_out_data_stream_2_V |    pointer   |
|img_out_data_stream_2_V_write   | out |    1|   ap_fifo  | img_out_data_stream_2_V |    pointer   |
+--------------------------------+-----+-----+------------+-------------------------+--------------+

============================================================
+ Verbose Summary: Synthesis Manager
============================================================
InlineROM: 1
ExposeGlobal: 0
============================================================
+ Verbose Summary: CDFG Model
============================================================
IsTopModel: 0
ResetActiveHigh: 1
IsCombinational: 2
IsDatapathOnly: 0
HasWiredReturn: 1
HasMFsm: 0
HasVarLatency: 1
IsPipeline: 0
IsRtlPipelined: 0
IsInstanceOverlapped: 0
IsDontTouch: 0
HasImplIP: 0
IsGatedGlobalClock: 0


============================================================
+ Verbose Summary: Schedule
============================================================
* Number of FSM states : 2
* Pipeline : 0
* Dataflow Pipeline: 0

* FSM state transitions: 
1 --> 
	2  / true
2 --> 

* FSM state operations: 

State 1 <SV = 0> <Delay = 0.00>
ST_1 : Operation 3 [2/2] (0.00ns)   --->   "call fastcc void @Filter2D(i8* %img_in_data_stream_0_V, i8* %img_in_data_stream_1_V, i8* %img_in_data_stream_2_V, i8* %img_out_data_stream_0_V, i8* %img_out_data_stream_1_V, i8* %img_out_data_stream_2_V, i6 -16, i7 -64, i8 -96, i7 -64, i8 -32, i8 64, i7 -32, i8 0, i8 0, i8 0, i8 0, i8 32, i7 -64, i7 32, i8 64, i8 96, i8 64, i6 16)" [image_filter.cpp:502]   --->   Operation 3 'call' <Predicate = true> <Delay = 0.00> <CoreType = "Generic">   --->   Core 0 '' <Latency = 0> <II = 1> <Delay = 1.00> <Generic> <Opcode : >

State 2 <SV = 1> <Delay = 0.00>
ST_2 : Operation 4 [1/1] (0.00ns)   --->   "call void (...)* @_ssdm_op_SpecInterface(i8* %img_out_data_stream_2_V, [8 x i8]* @ap_fifo_str, i32 0, i32 0, [1 x i8]* @p_str188, i32 0, i32 0, [1 x i8]* @p_str189, [1 x i8]* @p_str190, [1 x i8]* @p_str191, i32 2, i32 2, i32 16, i32 16, [1 x i8]* @p_str192, [1 x i8]* @p_str193)"   --->   Operation 4 'specinterface' <Predicate = true> <Delay = 0.00>
ST_2 : Operation 5 [1/1] (0.00ns)   --->   "call void (...)* @_ssdm_op_SpecInterface(i8* %img_out_data_stream_1_V, [8 x i8]* @ap_fifo_str, i32 0, i32 0, [1 x i8]* @p_str181, i32 0, i32 0, [1 x i8]* @p_str182, [1 x i8]* @p_str183, [1 x i8]* @p_str184, i32 2, i32 2, i32 16, i32 16, [1 x i8]* @p_str185, [1 x i8]* @p_str186)"   --->   Operation 5 'specinterface' <Predicate = true> <Delay = 0.00>
ST_2 : Operation 6 [1/1] (0.00ns)   --->   "call void (...)* @_ssdm_op_SpecInterface(i8* %img_out_data_stream_0_V, [8 x i8]* @ap_fifo_str, i32 0, i32 0, [1 x i8]* @p_str174, i32 0, i32 0, [1 x i8]* @p_str175, [1 x i8]* @p_str176, [1 x i8]* @p_str177, i32 2, i32 2, i32 16, i32 16, [1 x i8]* @p_str178, [1 x i8]* @p_str179)"   --->   Operation 6 'specinterface' <Predicate = true> <Delay = 0.00>
ST_2 : Operation 7 [1/1] (0.00ns)   --->   "call void (...)* @_ssdm_op_SpecInterface(i8* %img_in_data_stream_2_V, [8 x i8]* @ap_fifo_str, i32 0, i32 0, [1 x i8]* @p_str146, i32 0, i32 0, [1 x i8]* @p_str147, [1 x i8]* @p_str148, [1 x i8]* @p_str149, i32 2, i32 2, i32 16, i32 16, [1 x i8]* @p_str150, [1 x i8]* @p_str151)"   --->   Operation 7 'specinterface' <Predicate = true> <Delay = 0.00>
ST_2 : Operation 8 [1/1] (0.00ns)   --->   "call void (...)* @_ssdm_op_SpecInterface(i8* %img_in_data_stream_1_V, [8 x i8]* @ap_fifo_str, i32 0, i32 0, [1 x i8]* @p_str139, i32 0, i32 0, [1 x i8]* @p_str140, [1 x i8]* @p_str141, [1 x i8]* @p_str142, i32 2, i32 2, i32 16, i32 16, [1 x i8]* @p_str143, [1 x i8]* @p_str144)"   --->   Operation 8 'specinterface' <Predicate = true> <Delay = 0.00>
ST_2 : Operation 9 [1/1] (0.00ns)   --->   "call void (...)* @_ssdm_op_SpecInterface(i8* %img_in_data_stream_0_V, [8 x i8]* @ap_fifo_str, i32 0, i32 0, [1 x i8]* @p_str132, i32 0, i32 0, [1 x i8]* @p_str133, [1 x i8]* @p_str134, [1 x i8]* @p_str135, i32 2, i32 2, i32 16, i32 16, [1 x i8]* @p_str136, [1 x i8]* @p_str137)"   --->   Operation 9 'specinterface' <Predicate = true> <Delay = 0.00>
ST_2 : Operation 10 [1/2] (0.00ns)   --->   "call fastcc void @Filter2D(i8* %img_in_data_stream_0_V, i8* %img_in_data_stream_1_V, i8* %img_in_data_stream_2_V, i8* %img_out_data_stream_0_V, i8* %img_out_data_stream_1_V, i8* %img_out_data_stream_2_V, i6 -16, i7 -64, i8 -96, i7 -64, i8 -32, i8 64, i7 -32, i8 0, i8 0, i8 0, i8 0, i8 32, i7 -64, i7 32, i8 64, i8 96, i8 64, i6 16)" [image_filter.cpp:502]   --->   Operation 10 'call' <Predicate = true> <Delay = 0.00> <CoreType = "Generic">   --->   Core 0 '' <Latency = 0> <II = 1> <Delay = 1.00> <Generic> <Opcode : >
ST_2 : Operation 11 [1/1] (0.00ns)   --->   "ret void" [image_filter.cpp:504]   --->   Operation 11 'ret' <Predicate = true> <Delay = 0.00>


============================================================
+ Verbose Summary: Binding
============================================================
STG Binding: 
---------------- STG Properties BEGIN ----------------
- Is combinational: 0
- Is one-state seq: 0
- Is datapath-only: 0
- Is pipelined: 0
- Is top level: 0
Port [ Return ] is wired: 1; IO mode=ap_ctrl_hs:ce=0
Port [ img_in_data_stream_0_V]:  wired=1; compound=1; hidden=0; nouse=0; global=0; static=0; extern=0; dir=0; type=3; pingpong=0; private_global=0; IO mode=ap_fifo:ce=0
Port [ img_in_data_stream_1_V]:  wired=1; compound=1; hidden=0; nouse=0; global=0; static=0; extern=0; dir=0; type=3; pingpong=0; private_global=0; IO mode=ap_fifo:ce=0
Port [ img_in_data_stream_2_V]:  wired=1; compound=1; hidden=0; nouse=0; global=0; static=0; extern=0; dir=0; type=3; pingpong=0; private_global=0; IO mode=ap_fifo:ce=0
Port [ img_out_data_stream_0_V]:  wired=1; compound=1; hidden=0; nouse=0; global=0; static=0; extern=0; dir=1; type=3; pingpong=0; private_global=0; IO mode=ap_fifo:ce=0
Port [ img_out_data_stream_1_V]:  wired=1; compound=1; hidden=0; nouse=0; global=0; static=0; extern=0; dir=1; type=3; pingpong=0; private_global=0; IO mode=ap_fifo:ce=0
Port [ img_out_data_stream_2_V]:  wired=1; compound=1; hidden=0; nouse=0; global=0; static=0; extern=0; dir=1; type=3; pingpong=0; private_global=0; IO mode=ap_fifo:ce=0
---------------- STG Properties END ------------------

---------------- Datapath Model BEGIN ----------------

<LifeTime>
<method=bitvector/>
StgValue_4  (specinterface) [ 000]
StgValue_5  (specinterface) [ 000]
StgValue_6  (specinterface) [ 000]
StgValue_7  (specinterface) [ 000]
StgValue_8  (specinterface) [ 000]
StgValue_9  (specinterface) [ 000]
StgValue_10 (call         ) [ 000]
StgValue_11 (ret          ) [ 000]
</LifeTime>

<model>

<comp_list>
<comp id="0" class="1000" name="img_in_data_stream_0_V">
<pin_list>
<pin id="1" dir="1" index="0" bw="1" slack="0"/>
</pin_list>
<bind>
<StgValue><ssdm name="img_in_data_stream_0_V"/></StgValue>
</bind>
</comp>

<comp id="2" class="1000" name="img_in_data_stream_1_V">
<pin_list>
<pin id="3" dir="1" index="0" bw="1" slack="0"/>
</pin_list>
<bind>
<StgValue><ssdm name="img_in_data_stream_1_V"/></StgValue>
</bind>
</comp>

<comp id="4" class="1000" name="img_in_data_stream_2_V">
<pin_list>
<pin id="5" dir="1" index="0" bw="1" slack="0"/>
</pin_list>
<bind>
<StgValue><ssdm name="img_in_data_stream_2_V"/></StgValue>
</bind>
</comp>

<comp id="6" class="1000" name="img_out_data_stream_0_V">
<pin_list>
<pin id="7" dir="1" index="0" bw="1" slack="0"/>
</pin_list>
<bind>
<StgValue><ssdm name="img_out_data_stream_0_V"/></StgValue>
</bind>
</comp>

<comp id="8" class="1000" name="img_out_data_stream_1_V">
<pin_list>
<pin id="9" dir="1" index="0" bw="1" slack="0"/>
</pin_list>
<bind>
<StgValue><ssdm name="img_out_data_stream_1_V"/></StgValue>
</bind>
</comp>

<comp id="10" class="1000" name="img_out_data_stream_2_V">
<pin_list>
<pin id="11" dir="1" index="0" bw="1" slack="0"/>
</pin_list>
<bind>
<StgValue><ssdm name="img_out_data_stream_2_V"/></StgValue>
</bind>
</comp>

<comp id="12" class="1001" name="const_12">
<pin_list>
<pin id="13" dir="1" index="0" bw="1" slack="0"/>
</pin_list>
<bind>
<StgValue><ssdm name="Filter2D"/></StgValue>
</bind>
</comp>

<comp id="14" class="1001" name="const_14">
<pin_list>
<pin id="15" dir="1" index="0" bw="1" slack="0"/>
</pin_list>
<bind>
<StgValue><ssdm name=""/></StgValue>
</bind>
</comp>

<comp id="16" class="1001" name="const_16">
<pin_list>
<pin id="17" dir="1" index="0" bw="1" slack="0"/>
</pin_list>
<bind>
<StgValue><ssdm name=""/></StgValue>
</bind>
</comp>

<comp id="18" class="1001" name="const_18">
<pin_list>
<pin id="19" dir="1" index="0" bw="1" slack="0"/>
</pin_list>
<bind>
<StgValue><ssdm name=""/></StgValue>
</bind>
</comp>

<comp id="20" class="1001" name="const_20">
<pin_list>
<pin id="21" dir="1" index="0" bw="1" slack="0"/>
</pin_list>
<bind>
<StgValue><ssdm name=""/></StgValue>
</bind>
</comp>

<comp id="22" class="1001" name="const_22">
<pin_list>
<pin id="23" dir="1" index="0" bw="1" slack="0"/>
</pin_list>
<bind>
<StgValue><ssdm name=""/></StgValue>
</bind>
</comp>

<comp id="24" class="1001" name="const_24">
<pin_list>
<pin id="25" dir="1" index="0" bw="1" slack="0"/>
</pin_list>
<bind>
<StgValue><ssdm name=""/></StgValue>
</bind>
</comp>

<comp id="26" class="1001" name="const_26">
<pin_list>
<pin id="27" dir="1" index="0" bw="1" slack="0"/>
</pin_list>
<bind>
<StgValue><ssdm name=""/></StgValue>
</bind>
</comp>

<comp id="28" class="1001" name="const_28">
<pin_list>
<pin id="29" dir="1" index="0" bw="1" slack="0"/>
</pin_list>
<bind>
<StgValue><ssdm name=""/></StgValue>
</bind>
</comp>

<comp id="30" class="1001" name="const_30">
<pin_list>
<pin id="31" dir="1" index="0" bw="1" slack="0"/>
</pin_list>
<bind>
<StgValue><ssdm name=""/></StgValue>
</bind>
</comp>

<comp id="32" class="1001" name="const_32">
<pin_list>
<pin id="33" dir="1" index="0" bw="1" slack="0"/>
</pin_list>
<bind>
<StgValue><ssdm name=""/></StgValue>
</bind>
</comp>

<comp id="34" class="1001" name="const_34">
<pin_list>
<pin id="35" dir="1" index="0" bw="1" slack="0"/>
</pin_list>
<bind>
<StgValue><ssdm name=""/></StgValue>
</bind>
</comp>

<comp id="36" class="1001" name="const_36">
<pin_list>
<pin id="37" dir="1" index="0" bw="1" slack="2147483647"/>
</pin_list>
<bind>
<StgValue><ssdm name="_ssdm_op_SpecInterface"/></StgValue>
</bind>
</comp>

<comp id="38" class="1001" name="const_38">
<pin_list>
<pin id="39" dir="1" index="0" bw="1" slack="2147483647"/>
</pin_list>
<bind>
<StgValue><ssdm name="ap_fifo_str"/></StgValue>
</bind>
</comp>

<comp id="40" class="1001" name="const_40">
<pin_list>
<pin id="41" dir="1" index="0" bw="1" slack="2147483647"/>
</pin_list>
<bind>
<StgValue><ssdm name=""/></StgValue>
</bind>
</comp>

<comp id="42" class="1001" name="const_42">
<pin_list>
<pin id="43" dir="1" index="0" bw="1" slack="2147483647"/>
</pin_list>
<bind>
<StgValue><ssdm name="p_str188"/></StgValue>
</bind>
</comp>

<comp id="44" class="1001" name="const_44">
<pin_list>
<pin id="45" dir="1" index="0" bw="1" slack="2147483647"/>
</pin_list>
<bind>
<StgValue><ssdm name="p_str189"/></StgValue>
</bind>
</comp>

<comp id="46" class="1001" name="const_46">
<pin_list>
<pin id="47" dir="1" index="0" bw="1" slack="2147483647"/>
</pin_list>
<bind>
<StgValue><ssdm name="p_str190"/></StgValue>
</bind>
</comp>

<comp id="48" class="1001" name="const_48">
<pin_list>
<pin id="49" dir="1" index="0" bw="1" slack="2147483647"/>
</pin_list>
<bind>
<StgValue><ssdm name="p_str191"/></StgValue>
</bind>
</comp>

<comp id="50" class="1001" name="const_50">
<pin_list>
<pin id="51" dir="1" index="0" bw="1" slack="2147483647"/>
</pin_list>
<bind>
<StgValue><ssdm name=""/></StgValue>
</bind>
</comp>

<comp id="52" class="1001" name="const_52">
<pin_list>
<pin id="53" dir="1" index="0" bw="1" slack="2147483647"/>
</pin_list>
<bind>
<StgValue><ssdm name=""/></StgValue>
</bind>
</comp>

<comp id="54" class="1001" name="const_54">
<pin_list>
<pin id="55" dir="1" index="0" bw="1" slack="2147483647"/>
</pin_list>
<bind>
<StgValue><ssdm name="p_str192"/></StgValue>
</bind>
</comp>

<comp id="56" class="1001" name="const_56">
<pin_list>
<pin id="57" dir="1" index="0" bw="1" slack="2147483647"/>
</pin_list>
<bind>
<StgValue><ssdm name="p_str193"/></StgValue>
</bind>
</comp>

<comp id="58" class="1001" name="const_58">
<pin_list>
<pin id="59" dir="1" index="0" bw="1" slack="2147483647"/>
</pin_list>
<bind>
<StgValue><ssdm name="p_str181"/></StgValue>
</bind>
</comp>

<comp id="60" class="1001" name="const_60">
<pin_list>
<pin id="61" dir="1" index="0" bw="1" slack="2147483647"/>
</pin_list>
<bind>
<StgValue><ssdm name="p_str182"/></StgValue>
</bind>
</comp>

<comp id="62" class="1001" name="const_62">
<pin_list>
<pin id="63" dir="1" index="0" bw="1" slack="2147483647"/>
</pin_list>
<bind>
<StgValue><ssdm name="p_str183"/></StgValue>
</bind>
</comp>

<comp id="64" class="1001" name="const_64">
<pin_list>
<pin id="65" dir="1" index="0" bw="1" slack="2147483647"/>
</pin_list>
<bind>
<StgValue><ssdm name="p_str184"/></StgValue>
</bind>
</comp>

<comp id="66" class="1001" name="const_66">
<pin_list>
<pin id="67" dir="1" index="0" bw="1" slack="2147483647"/>
</pin_list>
<bind>
<StgValue><ssdm name="p_str185"/></StgValue>
</bind>
</comp>

<comp id="68" class="1001" name="const_68">
<pin_list>
<pin id="69" dir="1" index="0" bw="1" slack="2147483647"/>
</pin_list>
<bind>
<StgValue><ssdm name="p_str186"/></StgValue>
</bind>
</comp>

<comp id="70" class="1001" name="const_70">
<pin_list>
<pin id="71" dir="1" index="0" bw="1" slack="2147483647"/>
</pin_list>
<bind>
<StgValue><ssdm name="p_str174"/></StgValue>
</bind>
</comp>

<comp id="72" class="1001" name="const_72">
<pin_list>
<pin id="73" dir="1" index="0" bw="1" slack="2147483647"/>
</pin_list>
<bind>
<StgValue><ssdm name="p_str175"/></StgValue>
</bind>
</comp>

<comp id="74" class="1001" name="const_74">
<pin_list>
<pin id="75" dir="1" index="0" bw="1" slack="2147483647"/>
</pin_list>
<bind>
<StgValue><ssdm name="p_str176"/></StgValue>
</bind>
</comp>

<comp id="76" class="1001" name="const_76">
<pin_list>
<pin id="77" dir="1" index="0" bw="1" slack="2147483647"/>
</pin_list>
<bind>
<StgValue><ssdm name="p_str177"/></StgValue>
</bind>
</comp>

<comp id="78" class="1001" name="const_78">
<pin_list>
<pin id="79" dir="1" index="0" bw="1" slack="2147483647"/>
</pin_list>
<bind>
<StgValue><ssdm name="p_str178"/></StgValue>
</bind>
</comp>

<comp id="80" class="1001" name="const_80">
<pin_list>
<pin id="81" dir="1" index="0" bw="1" slack="2147483647"/>
</pin_list>
<bind>
<StgValue><ssdm name="p_str179"/></StgValue>
</bind>
</comp>

<comp id="82" class="1001" name="const_82">
<pin_list>
<pin id="83" dir="1" index="0" bw="1" slack="2147483647"/>
</pin_list>
<bind>
<StgValue><ssdm name="p_str146"/></StgValue>
</bind>
</comp>

<comp id="84" class="1001" name="const_84">
<pin_list>
<pin id="85" dir="1" index="0" bw="1" slack="2147483647"/>
</pin_list>
<bind>
<StgValue><ssdm name="p_str147"/></StgValue>
</bind>
</comp>

<comp id="86" class="1001" name="const_86">
<pin_list>
<pin id="87" dir="1" index="0" bw="1" slack="2147483647"/>
</pin_list>
<bind>
<StgValue><ssdm name="p_str148"/></StgValue>
</bind>
</comp>

<comp id="88" class="1001" name="const_88">
<pin_list>
<pin id="89" dir="1" index="0" bw="1" slack="2147483647"/>
</pin_list>
<bind>
<StgValue><ssdm name="p_str149"/></StgValue>
</bind>
</comp>

<comp id="90" class="1001" name="const_90">
<pin_list>
<pin id="91" dir="1" index="0" bw="1" slack="2147483647"/>
</pin_list>
<bind>
<StgValue><ssdm name="p_str150"/></StgValue>
</bind>
</comp>

<comp id="92" class="1001" name="const_92">
<pin_list>
<pin id="93" dir="1" index="0" bw="1" slack="2147483647"/>
</pin_list>
<bind>
<StgValue><ssdm name="p_str151"/></StgValue>
</bind>
</comp>

<comp id="94" class="1001" name="const_94">
<pin_list>
<pin id="95" dir="1" index="0" bw="1" slack="2147483647"/>
</pin_list>
<bind>
<StgValue><ssdm name="p_str139"/></StgValue>
</bind>
</comp>

<comp id="96" class="1001" name="const_96">
<pin_list>
<pin id="97" dir="1" index="0" bw="1" slack="2147483647"/>
</pin_list>
<bind>
<StgValue><ssdm name="p_str140"/></StgValue>
</bind>
</comp>

<comp id="98" class="1001" name="const_98">
<pin_list>
<pin id="99" dir="1" index="0" bw="1" slack="2147483647"/>
</pin_list>
<bind>
<StgValue><ssdm name="p_str141"/></StgValue>
</bind>
</comp>

<comp id="100" class="1001" name="const_100">
<pin_list>
<pin id="101" dir="1" index="0" bw="1" slack="2147483647"/>
</pin_list>
<bind>
<StgValue><ssdm name="p_str142"/></StgValue>
</bind>
</comp>

<comp id="102" class="1001" name="const_102">
<pin_list>
<pin id="103" dir="1" index="0" bw="1" slack="2147483647"/>
</pin_list>
<bind>
<StgValue><ssdm name="p_str143"/></StgValue>
</bind>
</comp>

<comp id="104" class="1001" name="const_104">
<pin_list>
<pin id="105" dir="1" index="0" bw="1" slack="2147483647"/>
</pin_list>
<bind>
<StgValue><ssdm name="p_str144"/></StgValue>
</bind>
</comp>

<comp id="106" class="1001" name="const_106">
<pin_list>
<pin id="107" dir="1" index="0" bw="1" slack="2147483647"/>
</pin_list>
<bind>
<StgValue><ssdm name="p_str132"/></StgValue>
</bind>
</comp>

<comp id="108" class="1001" name="const_108">
<pin_list>
<pin id="109" dir="1" index="0" bw="1" slack="2147483647"/>
</pin_list>
<bind>
<StgValue><ssdm name="p_str133"/></StgValue>
</bind>
</comp>

<comp id="110" class="1001" name="const_110">
<pin_list>
<pin id="111" dir="1" index="0" bw="1" slack="2147483647"/>
</pin_list>
<bind>
<StgValue><ssdm name="p_str134"/></StgValue>
</bind>
</comp>

<comp id="112" class="1001" name="const_112">
<pin_list>
<pin id="113" dir="1" index="0" bw="1" slack="2147483647"/>
</pin_list>
<bind>
<StgValue><ssdm name="p_str135"/></StgValue>
</bind>
</comp>

<comp id="114" class="1001" name="const_114">
<pin_list>
<pin id="115" dir="1" index="0" bw="1" slack="2147483647"/>
</pin_list>
<bind>
<StgValue><ssdm name="p_str136"/></StgValue>
</bind>
</comp>

<comp id="116" class="1001" name="const_116">
<pin_list>
<pin id="117" dir="1" index="0" bw="1" slack="2147483647"/>
</pin_list>
<bind>
<StgValue><ssdm name="p_str137"/></StgValue>
</bind>
</comp>

<comp id="118" class="1004" name="grp_Filter2D_fu_118">
<pin_list>
<pin id="119" dir="0" index="0" bw="0" slack="0"/>
<pin id="120" dir="0" index="1" bw="8" slack="0"/>
<pin id="121" dir="0" index="2" bw="8" slack="0"/>
<pin id="122" dir="0" index="3" bw="8" slack="0"/>
<pin id="123" dir="0" index="4" bw="8" slack="0"/>
<pin id="124" dir="0" index="5" bw="8" slack="0"/>
<pin id="125" dir="0" index="6" bw="8" slack="0"/>
<pin id="126" dir="0" index="7" bw="5" slack="0"/>
<pin id="127" dir="0" index="8" bw="7" slack="0"/>
<pin id="128" dir="0" index="9" bw="8" slack="0"/>
<pin id="129" dir="0" index="10" bw="7" slack="0"/>
<pin id="130" dir="0" index="11" bw="6" slack="0"/>
<pin id="131" dir="0" index="12" bw="8" slack="0"/>
<pin id="132" dir="0" index="13" bw="6" slack="0"/>
<pin id="133" dir="0" index="14" bw="1" slack="0"/>
<pin id="134" dir="0" index="15" bw="1" slack="0"/>
<pin id="135" dir="0" index="16" bw="1" slack="0"/>
<pin id="136" dir="0" index="17" bw="1" slack="0"/>
<pin id="137" dir="0" index="18" bw="7" slack="0"/>
<pin id="138" dir="0" index="19" bw="7" slack="0"/>
<pin id="139" dir="0" index="20" bw="7" slack="0"/>
<pin id="140" dir="0" index="21" bw="8" slack="0"/>
<pin id="141" dir="0" index="22" bw="8" slack="0"/>
<pin id="142" dir="0" index="23" bw="8" slack="0"/>
<pin id="143" dir="0" index="24" bw="6" slack="0"/>
<pin id="144" dir="1" index="25" bw="0" slack="2147483647"/>
</pin_list>
<bind>
<opcode="call(48) " fcode="call"/>
<opset="StgValue_3/1 "/>
</bind>
</comp>

</comp_list>

<net_list>
<net id="145"><net_src comp="12" pin="0"/><net_sink comp="118" pin=0"/></net>

<net id="146"><net_src comp="0" pin="0"/><net_sink comp="118" pin=1"/></net>

<net id="147"><net_src comp="2" pin="0"/><net_sink comp="118" pin=2"/></net>

<net id="148"><net_src comp="4" pin="0"/><net_sink comp="118" pin=3"/></net>

<net id="149"><net_src comp="6" pin="0"/><net_sink comp="118" pin=4"/></net>

<net id="150"><net_src comp="8" pin="0"/><net_sink comp="118" pin=5"/></net>

<net id="151"><net_src comp="10" pin="0"/><net_sink comp="118" pin=6"/></net>

<net id="152"><net_src comp="14" pin="0"/><net_sink comp="118" pin=7"/></net>

<net id="153"><net_src comp="16" pin="0"/><net_sink comp="118" pin=8"/></net>

<net id="154"><net_src comp="18" pin="0"/><net_sink comp="118" pin=9"/></net>

<net id="155"><net_src comp="16" pin="0"/><net_sink comp="118" pin=10"/></net>

<net id="156"><net_src comp="20" pin="0"/><net_sink comp="118" pin=11"/></net>

<net id="157"><net_src comp="22" pin="0"/><net_sink comp="118" pin=12"/></net>

<net id="158"><net_src comp="24" pin="0"/><net_sink comp="118" pin=13"/></net>

<net id="159"><net_src comp="26" pin="0"/><net_sink comp="118" pin=14"/></net>

<net id="160"><net_src comp="26" pin="0"/><net_sink comp="118" pin=15"/></net>

<net id="161"><net_src comp="26" pin="0"/><net_sink comp="118" pin=16"/></net>

<net id="162"><net_src comp="26" pin="0"/><net_sink comp="118" pin=17"/></net>

<net id="163"><net_src comp="28" pin="0"/><net_sink comp="118" pin=18"/></net>

<net id="164"><net_src comp="16" pin="0"/><net_sink comp="118" pin=19"/></net>

<net id="165"><net_src comp="30" pin="0"/><net_sink comp="118" pin=20"/></net>

<net id="166"><net_src comp="22" pin="0"/><net_sink comp="118" pin=21"/></net>

<net id="167"><net_src comp="32" pin="0"/><net_sink comp="118" pin=22"/></net>

<net id="168"><net_src comp="22" pin="0"/><net_sink comp="118" pin=23"/></net>

<net id="169"><net_src comp="34" pin="0"/><net_sink comp="118" pin=24"/></net>

</net_list>

</model> 
---------------- Datapath Model END ------------------

* FSMD analyzer results:
  - Output states:
	Port: img_out_data_stream_0_V | {1 2 }
	Port: img_out_data_stream_1_V | {1 2 }
	Port: img_out_data_stream_2_V | {1 2 }
 - Input state : 
	Port: grad_horizontal : img_in_data_stream_0_V | {1 2 }
	Port: grad_horizontal : img_in_data_stream_1_V | {1 2 }
	Port: grad_horizontal : img_in_data_stream_2_V | {1 2 }
  - Chain level:
	State 1
	State 2


============================================================
+ Verbose Summary: Datapath Resource usage 
============================================================

* Functional unit list:
|----------|---------------------|---------|---------|---------|---------|---------|
| Operation|   Functional Unit   |   BRAM  |  DSP48E |  Delay  |    FF   |   LUT   |
|----------|---------------------|---------|---------|---------|---------|---------|
|   call   | grp_Filter2D_fu_118 |    12   |    42   | 126.285 |   3654  |   3158  |
|----------|---------------------|---------|---------|---------|---------|---------|
|   Total  |                     |    12   |    42   | 126.285 |   3654  |   3158  |
|----------|---------------------|---------|---------|---------|---------|---------|

Memories:
N/A

* Register list:
N/A

* Multiplexer (MUX) list: 
|--------|------|------|------|--------|
|  Comp  |  Pin | Size |  BW  | S x BW |
|--------|------|------|------|--------|
|  Total |      |      |      |    0   |
|--------|------|------|------|--------|



* Summary:
+-----------+--------+--------+--------+--------+--------+
|           |  BRAM  | DSP48E |  Delay |   FF   |   LUT  |
+-----------+--------+--------+--------+--------+--------+
|  Function |   12   |   42   |   126  |  3654  |  3158  |
|   Memory  |    -   |    -   |    -   |    -   |    -   |
|Multiplexer|    -   |    -   |    -   |    -   |    -   |
|  Register |    -   |    -   |    -   |    -   |    -   |
+-----------+--------+--------+--------+--------+--------+
|   Total   |   12   |   42   |   126  |  3654  |  3158  |
+-----------+--------+--------+--------+--------+--------+
