

================================================================
== Vivado HLS Report for 'grad_horizontal'
================================================================
* Date:           Mon Jan 21 18:53:29 2019

* Version:        2018.3 (Build 2405991 on Thu Dec 06 23:56:15 MST 2018)
* Project:        proj
* Solution:       sol1
* Product family: zynq
* Target device:  xc7z020clg484-1


================================================================
== Performance Estimates
================================================================
+ Timing (ns): 
    * Summary: 
    +--------+-------+----------+------------+
    |  Clock | Target| Estimated| Uncertainty|
    +--------+-------+----------+------------+
    |ap_clk  |   6.00|     5.089|        0.75|
    +--------+-------+----------+------------+

+ Latency (clock cycles): 
    * Summary: 
    +--------+--------+--------+--------+---------+
    |     Latency     |     Interval    | Pipeline|
    |   min  |   max  |   min  |   max  |   Type  |
    +--------+--------+--------+--------+---------+
    |  151187|  151187|  151187|  151187|   none  |
    +--------+--------+--------+--------+---------+

    + Detail: 
        * Instance: 
        N/A

        * Loop: 
        N/A

============================================================
+ Verbose Summary: Synthesis Manager
============================================================
InlineROM: 1
ExposeGlobal: 0
============================================================
+ Verbose Summary: CDFG Model
============================================================
IsTopModel: 0
ResetActiveHigh: 1
IsCombinational: 2
IsDatapathOnly: 0
HasWiredReturn: 1
HasMFsm: 0
HasVarLatency: 1
IsPipeline: 0
IsRtlPipelined: 0
IsInstanceOverlapped: 0
IsDontTouch: 0
HasImplIP: 0
IsGatedGlobalClock: 0


============================================================
+ Verbose Summary: Schedule
============================================================
* Number of FSM states : 2
* Pipeline : 0
* Dataflow Pipeline: 0

* FSM state transitions: 
1 --> 
	2  / true
2 --> 

* FSM state operations: 

State 1 <SV = 0> <Delay = 0.00>
ST_1 : Operation 3 [2/2] (0.00ns)   --->   "call fastcc void @Filter2D(i8* %img_in_data_stream_0_V, i8* %img_in_data_stream_1_V, i8* %img_in_data_stream_2_V, i8* %img_out_data_stream_0_V, i8* %img_out_data_stream_1_V, i8* %img_out_data_stream_2_V, i6 -16, i7 -64, i8 -96, i7 -64, i8 -32, i8 64, i7 -32, i8 0, i8 0, i8 0, i8 0, i8 32, i7 -64, i7 32, i8 64, i8 96, i8 64, i6 16)" [image_filter.cpp:502]   --->   Operation 3 'call' <Predicate = true> <Delay = 0.00> <CoreType = "Generic">   --->   Core 0 '' <Latency = 0> <II = 1> <Delay = 1.00> <Generic> <Opcode : >

State 2 <SV = 1> <Delay = 0.00>
ST_2 : Operation 4 [1/1] (0.00ns)   --->   "call void (...)* @_ssdm_op_SpecInterface(i8* %img_out_data_stream_2_V, [8 x i8]* @ap_fifo_str, i32 0, i32 0, [1 x i8]* @p_str188, i32 0, i32 0, [1 x i8]* @p_str189, [1 x i8]* @p_str190, [1 x i8]* @p_str191, i32 2, i32 2, i32 16, i32 16, [1 x i8]* @p_str192, [1 x i8]* @p_str193)"   --->   Operation 4 'specinterface' <Predicate = true> <Delay = 0.00>
ST_2 : Operation 5 [1/1] (0.00ns)   --->   "call void (...)* @_ssdm_op_SpecInterface(i8* %img_out_data_stream_1_V, [8 x i8]* @ap_fifo_str, i32 0, i32 0, [1 x i8]* @p_str181, i32 0, i32 0, [1 x i8]* @p_str182, [1 x i8]* @p_str183, [1 x i8]* @p_str184, i32 2, i32 2, i32 16, i32 16, [1 x i8]* @p_str185, [1 x i8]* @p_str186)"   --->   Operation 5 'specinterface' <Predicate = true> <Delay = 0.00>
ST_2 : Operation 6 [1/1] (0.00ns)   --->   "call void (...)* @_ssdm_op_SpecInterface(i8* %img_out_data_stream_0_V, [8 x i8]* @ap_fifo_str, i32 0, i32 0, [1 x i8]* @p_str174, i32 0, i32 0, [1 x i8]* @p_str175, [1 x i8]* @p_str176, [1 x i8]* @p_str177, i32 2, i32 2, i32 16, i32 16, [1 x i8]* @p_str178, [1 x i8]* @p_str179)"   --->   Operation 6 'specinterface' <Predicate = true> <Delay = 0.00>
ST_2 : Operation 7 [1/1] (0.00ns)   --->   "call void (...)* @_ssdm_op_SpecInterface(i8* %img_in_data_stream_2_V, [8 x i8]* @ap_fifo_str, i32 0, i32 0, [1 x i8]* @p_str146, i32 0, i32 0, [1 x i8]* @p_str147, [1 x i8]* @p_str148, [1 x i8]* @p_str149, i32 2, i32 2, i32 16, i32 16, [1 x i8]* @p_str150, [1 x i8]* @p_str151)"   --->   Operation 7 'specinterface' <Predicate = true> <Delay = 0.00>
ST_2 : Operation 8 [1/1] (0.00ns)   --->   "call void (...)* @_ssdm_op_SpecInterface(i8* %img_in_data_stream_1_V, [8 x i8]* @ap_fifo_str, i32 0, i32 0, [1 x i8]* @p_str139, i32 0, i32 0, [1 x i8]* @p_str140, [1 x i8]* @p_str141, [1 x i8]* @p_str142, i32 2, i32 2, i32 16, i32 16, [1 x i8]* @p_str143, [1 x i8]* @p_str144)"   --->   Operation 8 'specinterface' <Predicate = true> <Delay = 0.00>
ST_2 : Operation 9 [1/1] (0.00ns)   --->   "call void (...)* @_ssdm_op_SpecInterface(i8* %img_in_data_stream_0_V, [8 x i8]* @ap_fifo_str, i32 0, i32 0, [1 x i8]* @p_str132, i32 0, i32 0, [1 x i8]* @p_str133, [1 x i8]* @p_str134, [1 x i8]* @p_str135, i32 2, i32 2, i32 16, i32 16, [1 x i8]* @p_str136, [1 x i8]* @p_str137)"   --->   Operation 9 'specinterface' <Predicate = true> <Delay = 0.00>
ST_2 : Operation 10 [1/2] (0.00ns)   --->   "call fastcc void @Filter2D(i8* %img_in_data_stream_0_V, i8* %img_in_data_stream_1_V, i8* %img_in_data_stream_2_V, i8* %img_out_data_stream_0_V, i8* %img_out_data_stream_1_V, i8* %img_out_data_stream_2_V, i6 -16, i7 -64, i8 -96, i7 -64, i8 -32, i8 64, i7 -32, i8 0, i8 0, i8 0, i8 0, i8 32, i7 -64, i7 32, i8 64, i8 96, i8 64, i6 16)" [image_filter.cpp:502]   --->   Operation 10 'call' <Predicate = true> <Delay = 0.00> <CoreType = "Generic">   --->   Core 0 '' <Latency = 0> <II = 1> <Delay = 1.00> <Generic> <Opcode : >
ST_2 : Operation 11 [1/1] (0.00ns)   --->   "ret void" [image_filter.cpp:504]   --->   Operation 11 'ret' <Predicate = true> <Delay = 0.00>


============================================================
+ Verbose Summary: Timing violations
============================================================
Target clock period: 6ns, clock uncertainty: 0.75ns.

 <State 1>: 0ns
The critical path consists of the following:

 <State 2>: 0ns
The critical path consists of the following:


============================================================
+ Verbose Summary: Binding
============================================================
N/A
* FSMD analyzer results:
  - Output states:
 - Input state : 
  - Chain level:
	State 1
	State 2


============================================================
+ Verbose Summary: Datapath Resource usage 
============================================================
N/A
