

================================================================
== Vivado HLS Report for 'image_filter'
================================================================
* Date:           Mon Jan 21 18:53:31 2019

* Version:        2018.3 (Build 2405991 on Thu Dec 06 23:56:15 MST 2018)
* Project:        proj
* Solution:       sol1
* Product family: zynq
* Target device:  xc7z020clg484-1


================================================================
== Performance Estimates
================================================================
+ Timing (ns): 
    * Summary: 
    +--------+-------+----------+------------+
    |  Clock | Target| Estimated| Uncertainty|
    +--------+-------+----------+------------+
    |ap_clk  |   6.00|     5.250|        0.75|
    +--------+-------+----------+------------+

+ Latency (clock cycles): 
    * Summary: 
    +--------+--------+--------+--------+----------+
    |     Latency     |     Interval    | Pipeline |
    |   min  |   max  |   min  |   max  |   Type   |
    +--------+--------+--------+--------+----------+
    |  151190|  151190|  151188|  151188| dataflow |
    +--------+--------+--------+--------+----------+

    + Detail: 
        * Instance: 
        N/A

        * Loop: 
        N/A

============================================================
+ Verbose Summary: Synthesis Manager
============================================================
InlineROM: 1
ExposeGlobal: 0
============================================================
+ Verbose Summary: CDFG Model
============================================================
IsTopModel: 1
ResetActiveHigh: 1
IsCombinational: 2
IsDatapathOnly: 0
HasWiredReturn: 1
HasMFsm: 0
HasVarLatency: 1
IsPipeline: 0
IsRtlPipelined: 0
IsInstanceOverlapped: 0
IsDontTouch: 0
HasImplIP: 0
IsGatedGlobalClock: 0


============================================================
+ Verbose Summary: Schedule
============================================================
* Number of FSM states : 12
* Pipeline : 0
* Dataflow Pipeline: 1
  DF-Pipeline-0: Size = 12, States = { 1 2 3 4 5 6 7 8 9 10 11 12 }

* FSM state transitions: 
1 --> 
	2  / true
2 --> 
	3  / true
3 --> 
	4  / true
4 --> 
	5  / true
5 --> 
	6  / true
6 --> 
	7  / true
7 --> 
	8  / true
8 --> 
	9  / true
9 --> 
	10  / true
10 --> 
	11  / true
11 --> 
	12  / true
12 --> 

* FSM state operations: 

State 1 <SV = 0> <Delay = 0.00>
ST_1 : Operation 13 [1/1] (0.00ns)   --->   "%img_0_data_stream_0 = alloca i8, align 1" [image_filter.cpp:55]   --->   Operation 13 'alloca' 'img_0_data_stream_0' <Predicate = true> <Delay = 0.00> <Core = "FIFO">   --->   Core 32 'FIFO' <Latency = 0> <II = 1> <Delay = 3.63> <Storage> <Opcode : 'read' 'write' 'nbread' 'nbwrite'> <Ports = 0> <Width = 8> <Depth = 2> <FIFO>
ST_1 : Operation 14 [1/1] (0.00ns)   --->   "%img_0_data_stream_1 = alloca i8, align 1" [image_filter.cpp:55]   --->   Operation 14 'alloca' 'img_0_data_stream_1' <Predicate = true> <Delay = 0.00> <Core = "FIFO">   --->   Core 32 'FIFO' <Latency = 0> <II = 1> <Delay = 3.63> <Storage> <Opcode : 'read' 'write' 'nbread' 'nbwrite'> <Ports = 0> <Width = 8> <Depth = 2> <FIFO>
ST_1 : Operation 15 [1/1] (0.00ns)   --->   "%img_0_data_stream_2 = alloca i8, align 1" [image_filter.cpp:55]   --->   Operation 15 'alloca' 'img_0_data_stream_2' <Predicate = true> <Delay = 0.00> <Core = "FIFO">   --->   Core 32 'FIFO' <Latency = 0> <II = 1> <Delay = 3.63> <Storage> <Opcode : 'read' 'write' 'nbread' 'nbwrite'> <Ports = 0> <Width = 8> <Depth = 2> <FIFO>
ST_1 : Operation 16 [1/1] (0.00ns)   --->   "%img_1a_data_stream_0 = alloca i8, align 1" [image_filter.cpp:56]   --->   Operation 16 'alloca' 'img_1a_data_stream_0' <Predicate = true> <Delay = 0.00> <Core = "FIFO">   --->   Core 32 'FIFO' <Latency = 0> <II = 1> <Delay = 3.63> <Storage> <Opcode : 'read' 'write' 'nbread' 'nbwrite'> <Ports = 0> <Width = 8> <Depth = 2> <FIFO>
ST_1 : Operation 17 [1/1] (0.00ns)   --->   "%img_1a_data_stream_1 = alloca i8, align 1" [image_filter.cpp:56]   --->   Operation 17 'alloca' 'img_1a_data_stream_1' <Predicate = true> <Delay = 0.00> <Core = "FIFO">   --->   Core 32 'FIFO' <Latency = 0> <II = 1> <Delay = 3.63> <Storage> <Opcode : 'read' 'write' 'nbread' 'nbwrite'> <Ports = 0> <Width = 8> <Depth = 2> <FIFO>
ST_1 : Operation 18 [1/1] (0.00ns)   --->   "%img_1a_data_stream_2 = alloca i8, align 1" [image_filter.cpp:56]   --->   Operation 18 'alloca' 'img_1a_data_stream_2' <Predicate = true> <Delay = 0.00> <Core = "FIFO">   --->   Core 32 'FIFO' <Latency = 0> <II = 1> <Delay = 3.63> <Storage> <Opcode : 'read' 'write' 'nbread' 'nbwrite'> <Ports = 0> <Width = 8> <Depth = 2> <FIFO>
ST_1 : Operation 19 [1/1] (0.00ns)   --->   "%img_1b_data_stream_0 = alloca i8, align 1" [image_filter.cpp:57]   --->   Operation 19 'alloca' 'img_1b_data_stream_0' <Predicate = true> <Delay = 0.00> <Core = "FIFO">   --->   Core 32 'FIFO' <Latency = 0> <II = 1> <Delay = 3.63> <Storage> <Opcode : 'read' 'write' 'nbread' 'nbwrite'> <Ports = 0> <Width = 8> <Depth = 2> <FIFO>
ST_1 : Operation 20 [1/1] (0.00ns)   --->   "%img_1b_data_stream_1 = alloca i8, align 1" [image_filter.cpp:57]   --->   Operation 20 'alloca' 'img_1b_data_stream_1' <Predicate = true> <Delay = 0.00> <Core = "FIFO">   --->   Core 32 'FIFO' <Latency = 0> <II = 1> <Delay = 3.63> <Storage> <Opcode : 'read' 'write' 'nbread' 'nbwrite'> <Ports = 0> <Width = 8> <Depth = 2> <FIFO>
ST_1 : Operation 21 [1/1] (0.00ns)   --->   "%img_1b_data_stream_2 = alloca i8, align 1" [image_filter.cpp:57]   --->   Operation 21 'alloca' 'img_1b_data_stream_2' <Predicate = true> <Delay = 0.00> <Core = "FIFO">   --->   Core 32 'FIFO' <Latency = 0> <II = 1> <Delay = 3.63> <Storage> <Opcode : 'read' 'write' 'nbread' 'nbwrite'> <Ports = 0> <Width = 8> <Depth = 2> <FIFO>
ST_1 : Operation 22 [1/1] (0.00ns)   --->   "%img_2a_data_stream_0 = alloca i8, align 1" [image_filter.cpp:58]   --->   Operation 22 'alloca' 'img_2a_data_stream_0' <Predicate = true> <Delay = 0.00> <Core = "FIFO">   --->   Core 32 'FIFO' <Latency = 0> <II = 1> <Delay = 3.63> <Storage> <Opcode : 'read' 'write' 'nbread' 'nbwrite'> <Ports = 0> <Width = 8> <Depth = 2> <FIFO>
ST_1 : Operation 23 [1/1] (0.00ns)   --->   "%img_2a_data_stream_1 = alloca i8, align 1" [image_filter.cpp:58]   --->   Operation 23 'alloca' 'img_2a_data_stream_1' <Predicate = true> <Delay = 0.00> <Core = "FIFO">   --->   Core 32 'FIFO' <Latency = 0> <II = 1> <Delay = 3.63> <Storage> <Opcode : 'read' 'write' 'nbread' 'nbwrite'> <Ports = 0> <Width = 8> <Depth = 2> <FIFO>
ST_1 : Operation 24 [1/1] (0.00ns)   --->   "%img_2a_data_stream_2 = alloca i8, align 1" [image_filter.cpp:58]   --->   Operation 24 'alloca' 'img_2a_data_stream_2' <Predicate = true> <Delay = 0.00> <Core = "FIFO">   --->   Core 32 'FIFO' <Latency = 0> <II = 1> <Delay = 3.63> <Storage> <Opcode : 'read' 'write' 'nbread' 'nbwrite'> <Ports = 0> <Width = 8> <Depth = 2> <FIFO>
ST_1 : Operation 25 [1/1] (0.00ns)   --->   "%img_2b_data_stream_0 = alloca i8, align 1" [image_filter.cpp:59]   --->   Operation 25 'alloca' 'img_2b_data_stream_0' <Predicate = true> <Delay = 0.00> <Core = "FIFO">   --->   Core 32 'FIFO' <Latency = 0> <II = 1> <Delay = 3.63> <Storage> <Opcode : 'read' 'write' 'nbread' 'nbwrite'> <Ports = 0> <Width = 8> <Depth = 2> <FIFO>
ST_1 : Operation 26 [1/1] (0.00ns)   --->   "%img_2b_data_stream_1 = alloca i8, align 1" [image_filter.cpp:59]   --->   Operation 26 'alloca' 'img_2b_data_stream_1' <Predicate = true> <Delay = 0.00> <Core = "FIFO">   --->   Core 32 'FIFO' <Latency = 0> <II = 1> <Delay = 3.63> <Storage> <Opcode : 'read' 'write' 'nbread' 'nbwrite'> <Ports = 0> <Width = 8> <Depth = 2> <FIFO>
ST_1 : Operation 27 [1/1] (0.00ns)   --->   "%img_2b_data_stream_2 = alloca i8, align 1" [image_filter.cpp:59]   --->   Operation 27 'alloca' 'img_2b_data_stream_2' <Predicate = true> <Delay = 0.00> <Core = "FIFO">   --->   Core 32 'FIFO' <Latency = 0> <II = 1> <Delay = 3.63> <Storage> <Opcode : 'read' 'write' 'nbread' 'nbwrite'> <Ports = 0> <Width = 8> <Depth = 2> <FIFO>
ST_1 : Operation 28 [1/1] (0.00ns)   --->   "%img_3_data_stream_0 = alloca i8, align 1" [image_filter.cpp:60]   --->   Operation 28 'alloca' 'img_3_data_stream_0' <Predicate = true> <Delay = 0.00> <Core = "FIFO">   --->   Core 32 'FIFO' <Latency = 0> <II = 1> <Delay = 3.63> <Storage> <Opcode : 'read' 'write' 'nbread' 'nbwrite'> <Ports = 0> <Width = 8> <Depth = 2> <FIFO>
ST_1 : Operation 29 [1/1] (0.00ns)   --->   "%img_3_data_stream_1 = alloca i8, align 1" [image_filter.cpp:60]   --->   Operation 29 'alloca' 'img_3_data_stream_1' <Predicate = true> <Delay = 0.00> <Core = "FIFO">   --->   Core 32 'FIFO' <Latency = 0> <II = 1> <Delay = 3.63> <Storage> <Opcode : 'read' 'write' 'nbread' 'nbwrite'> <Ports = 0> <Width = 8> <Depth = 2> <FIFO>
ST_1 : Operation 30 [1/1] (0.00ns)   --->   "%img_3_data_stream_2 = alloca i8, align 1" [image_filter.cpp:60]   --->   Operation 30 'alloca' 'img_3_data_stream_2' <Predicate = true> <Delay = 0.00> <Core = "FIFO">   --->   Core 32 'FIFO' <Latency = 0> <II = 1> <Delay = 3.63> <Storage> <Opcode : 'read' 'write' 'nbread' 'nbwrite'> <Ports = 0> <Width = 8> <Depth = 2> <FIFO>

State 2 <SV = 1> <Delay = 0.00>
ST_2 : Operation 31 [2/2] (0.00ns)   --->   "call fastcc void @AXIvideo2Mat(i32* %VIDEO_IN_V_data_V, i4* %VIDEO_IN_V_keep_V, i4* %VIDEO_IN_V_strb_V, i1* %VIDEO_IN_V_user_V, i1* %VIDEO_IN_V_last_V, i1* %VIDEO_IN_V_id_V, i1* %VIDEO_IN_V_dest_V, i8* %img_0_data_stream_0, i8* %img_0_data_stream_1, i8* %img_0_data_stream_2)" [image_filter.cpp:63]   --->   Operation 31 'call' <Predicate = true> <Delay = 0.00> <CoreType = "Generic">   --->   Core 0 '' <Latency = 0> <II = 1> <Delay = 1.00> <Generic> <Opcode : >

State 3 <SV = 2> <Delay = 0.00>
ST_3 : Operation 32 [1/2] (0.00ns)   --->   "call fastcc void @AXIvideo2Mat(i32* %VIDEO_IN_V_data_V, i4* %VIDEO_IN_V_keep_V, i4* %VIDEO_IN_V_strb_V, i1* %VIDEO_IN_V_user_V, i1* %VIDEO_IN_V_last_V, i1* %VIDEO_IN_V_id_V, i1* %VIDEO_IN_V_dest_V, i8* %img_0_data_stream_0, i8* %img_0_data_stream_1, i8* %img_0_data_stream_2)" [image_filter.cpp:63]   --->   Operation 32 'call' <Predicate = true> <Delay = 0.00> <CoreType = "Generic">   --->   Core 0 '' <Latency = 0> <II = 1> <Delay = 1.00> <Generic> <Opcode : >

State 4 <SV = 3> <Delay = 0.00>
ST_4 : Operation 33 [2/2] (0.00ns)   --->   "call fastcc void @replicate_by2(i8* %img_0_data_stream_0, i8* %img_0_data_stream_1, i8* %img_0_data_stream_2, i8* %img_1a_data_stream_0, i8* %img_1a_data_stream_1, i8* %img_1a_data_stream_2, i8* %img_1b_data_stream_0, i8* %img_1b_data_stream_1, i8* %img_1b_data_stream_2)" [image_filter.cpp:66]   --->   Operation 33 'call' <Predicate = true> <Delay = 0.00> <CoreType = "Generic">   --->   Core 0 '' <Latency = 0> <II = 1> <Delay = 1.00> <Generic> <Opcode : >

State 5 <SV = 4> <Delay = 0.00>
ST_5 : Operation 34 [1/2] (0.00ns)   --->   "call fastcc void @replicate_by2(i8* %img_0_data_stream_0, i8* %img_0_data_stream_1, i8* %img_0_data_stream_2, i8* %img_1a_data_stream_0, i8* %img_1a_data_stream_1, i8* %img_1a_data_stream_2, i8* %img_1b_data_stream_0, i8* %img_1b_data_stream_1, i8* %img_1b_data_stream_2)" [image_filter.cpp:66]   --->   Operation 34 'call' <Predicate = true> <Delay = 0.00> <CoreType = "Generic">   --->   Core 0 '' <Latency = 0> <II = 1> <Delay = 1.00> <Generic> <Opcode : >

State 6 <SV = 5> <Delay = 0.00>
ST_6 : Operation 35 [2/2] (0.00ns)   --->   "call fastcc void @"grad_vertical<Mat >"(i8* %img_1a_data_stream_0, i8* %img_1a_data_stream_1, i8* %img_1a_data_stream_2, i8* %img_2a_data_stream_0, i8* %img_2a_data_stream_1, i8* %img_2a_data_stream_2)" [image_filter.cpp:69]   --->   Operation 35 'call' <Predicate = true> <Delay = 0.00> <CoreType = "Generic">   --->   Core 0 '' <Latency = 0> <II = 1> <Delay = 1.00> <Generic> <Opcode : >
ST_6 : Operation 36 [2/2] (0.00ns)   --->   "call fastcc void @grad_horizontal(i8* %img_1b_data_stream_0, i8* %img_1b_data_stream_1, i8* %img_1b_data_stream_2, i8* %img_2b_data_stream_0, i8* %img_2b_data_stream_1, i8* %img_2b_data_stream_2)" [image_filter.cpp:70]   --->   Operation 36 'call' <Predicate = true> <Delay = 0.00> <CoreType = "Generic">   --->   Core 0 '' <Latency = 0> <II = 1> <Delay = 1.00> <Generic> <Opcode : >

State 7 <SV = 6> <Delay = 0.00>
ST_7 : Operation 37 [1/2] (0.00ns)   --->   "call fastcc void @"grad_vertical<Mat >"(i8* %img_1a_data_stream_0, i8* %img_1a_data_stream_1, i8* %img_1a_data_stream_2, i8* %img_2a_data_stream_0, i8* %img_2a_data_stream_1, i8* %img_2a_data_stream_2)" [image_filter.cpp:69]   --->   Operation 37 'call' <Predicate = true> <Delay = 0.00> <CoreType = "Generic">   --->   Core 0 '' <Latency = 0> <II = 1> <Delay = 1.00> <Generic> <Opcode : >
ST_7 : Operation 38 [1/2] (0.00ns)   --->   "call fastcc void @grad_horizontal(i8* %img_1b_data_stream_0, i8* %img_1b_data_stream_1, i8* %img_1b_data_stream_2, i8* %img_2b_data_stream_0, i8* %img_2b_data_stream_1, i8* %img_2b_data_stream_2)" [image_filter.cpp:70]   --->   Operation 38 'call' <Predicate = true> <Delay = 0.00> <CoreType = "Generic">   --->   Core 0 '' <Latency = 0> <II = 1> <Delay = 1.00> <Generic> <Opcode : >

State 8 <SV = 7> <Delay = 0.00>
ST_8 : Operation 39 [2/2] (0.00ns)   --->   "call fastcc void @add_with_color(i8* %img_2a_data_stream_0, i8* %img_2a_data_stream_1, i8* %img_2a_data_stream_2, i8* %img_2b_data_stream_0, i8* %img_2b_data_stream_1, i8* %img_2b_data_stream_2, i8* %img_3_data_stream_0, i8* %img_3_data_stream_1, i8* %img_3_data_stream_2)" [image_filter.cpp:74]   --->   Operation 39 'call' <Predicate = true> <Delay = 0.00> <CoreType = "Generic">   --->   Core 0 '' <Latency = 0> <II = 1> <Delay = 1.00> <Generic> <Opcode : >

State 9 <SV = 8> <Delay = 0.00>
ST_9 : Operation 40 [1/2] (0.00ns)   --->   "call fastcc void @add_with_color(i8* %img_2a_data_stream_0, i8* %img_2a_data_stream_1, i8* %img_2a_data_stream_2, i8* %img_2b_data_stream_0, i8* %img_2b_data_stream_1, i8* %img_2b_data_stream_2, i8* %img_3_data_stream_0, i8* %img_3_data_stream_1, i8* %img_3_data_stream_2)" [image_filter.cpp:74]   --->   Operation 40 'call' <Predicate = true> <Delay = 0.00> <CoreType = "Generic">   --->   Core 0 '' <Latency = 0> <II = 1> <Delay = 1.00> <Generic> <Opcode : >

State 10 <SV = 9> <Delay = 0.00>
ST_10 : Operation 41 [2/2] (0.00ns)   --->   "call fastcc void @Mat2AXIvideo(i8* %img_3_data_stream_0, i8* %img_3_data_stream_1, i8* %img_3_data_stream_2, i32* %VIDEO_OUT_V_data_V, i4* %VIDEO_OUT_V_keep_V, i4* %VIDEO_OUT_V_strb_V, i1* %VIDEO_OUT_V_user_V, i1* %VIDEO_OUT_V_last_V, i1* %VIDEO_OUT_V_id_V, i1* %VIDEO_OUT_V_dest_V)" [image_filter.cpp:77]   --->   Operation 41 'call' <Predicate = true> <Delay = 0.00> <CoreType = "Generic">   --->   Core 0 '' <Latency = 0> <II = 1> <Delay = 1.00> <Generic> <Opcode : >

State 11 <SV = 10> <Delay = 0.00>
ST_11 : Operation 42 [1/2] (0.00ns)   --->   "call fastcc void @Mat2AXIvideo(i8* %img_3_data_stream_0, i8* %img_3_data_stream_1, i8* %img_3_data_stream_2, i32* %VIDEO_OUT_V_data_V, i4* %VIDEO_OUT_V_keep_V, i4* %VIDEO_OUT_V_strb_V, i1* %VIDEO_OUT_V_user_V, i1* %VIDEO_OUT_V_last_V, i1* %VIDEO_OUT_V_id_V, i1* %VIDEO_OUT_V_dest_V)" [image_filter.cpp:77]   --->   Operation 42 'call' <Predicate = true> <Delay = 0.00> <CoreType = "Generic">   --->   Core 0 '' <Latency = 0> <II = 1> <Delay = 1.00> <Generic> <Opcode : >

State 12 <SV = 11> <Delay = 0.00>
ST_12 : Operation 43 [1/1] (0.00ns)   --->   "call void (...)* @_ssdm_op_SpecDataflowPipeline(i32 -1, i32 0, [1 x i8]* @p_str3) nounwind" [image_filter.cpp:48]   --->   Operation 43 'specdataflowpipeline' <Predicate = true> <Delay = 0.00>
ST_12 : Operation 44 [1/1] (0.00ns)   --->   "call void (...)* @_ssdm_op_SpecBitsMap(i32* %VIDEO_IN_V_data_V), !map !253"   --->   Operation 44 'specbitsmap' <Predicate = true> <Delay = 0.00>
ST_12 : Operation 45 [1/1] (0.00ns)   --->   "call void (...)* @_ssdm_op_SpecBitsMap(i4* %VIDEO_IN_V_keep_V), !map !257"   --->   Operation 45 'specbitsmap' <Predicate = true> <Delay = 0.00>
ST_12 : Operation 46 [1/1] (0.00ns)   --->   "call void (...)* @_ssdm_op_SpecBitsMap(i4* %VIDEO_IN_V_strb_V), !map !261"   --->   Operation 46 'specbitsmap' <Predicate = true> <Delay = 0.00>
ST_12 : Operation 47 [1/1] (0.00ns)   --->   "call void (...)* @_ssdm_op_SpecBitsMap(i1* %VIDEO_IN_V_user_V), !map !265"   --->   Operation 47 'specbitsmap' <Predicate = true> <Delay = 0.00>
ST_12 : Operation 48 [1/1] (0.00ns)   --->   "call void (...)* @_ssdm_op_SpecBitsMap(i1* %VIDEO_IN_V_last_V), !map !269"   --->   Operation 48 'specbitsmap' <Predicate = true> <Delay = 0.00>
ST_12 : Operation 49 [1/1] (0.00ns)   --->   "call void (...)* @_ssdm_op_SpecBitsMap(i1* %VIDEO_IN_V_id_V), !map !273"   --->   Operation 49 'specbitsmap' <Predicate = true> <Delay = 0.00>
ST_12 : Operation 50 [1/1] (0.00ns)   --->   "call void (...)* @_ssdm_op_SpecBitsMap(i1* %VIDEO_IN_V_dest_V), !map !277"   --->   Operation 50 'specbitsmap' <Predicate = true> <Delay = 0.00>
ST_12 : Operation 51 [1/1] (0.00ns)   --->   "call void (...)* @_ssdm_op_SpecBitsMap(i32* %VIDEO_OUT_V_data_V), !map !281"   --->   Operation 51 'specbitsmap' <Predicate = true> <Delay = 0.00>
ST_12 : Operation 52 [1/1] (0.00ns)   --->   "call void (...)* @_ssdm_op_SpecBitsMap(i4* %VIDEO_OUT_V_keep_V), !map !285"   --->   Operation 52 'specbitsmap' <Predicate = true> <Delay = 0.00>
ST_12 : Operation 53 [1/1] (0.00ns)   --->   "call void (...)* @_ssdm_op_SpecBitsMap(i4* %VIDEO_OUT_V_strb_V), !map !289"   --->   Operation 53 'specbitsmap' <Predicate = true> <Delay = 0.00>
ST_12 : Operation 54 [1/1] (0.00ns)   --->   "call void (...)* @_ssdm_op_SpecBitsMap(i1* %VIDEO_OUT_V_user_V), !map !293"   --->   Operation 54 'specbitsmap' <Predicate = true> <Delay = 0.00>
ST_12 : Operation 55 [1/1] (0.00ns)   --->   "call void (...)* @_ssdm_op_SpecBitsMap(i1* %VIDEO_OUT_V_last_V), !map !297"   --->   Operation 55 'specbitsmap' <Predicate = true> <Delay = 0.00>
ST_12 : Operation 56 [1/1] (0.00ns)   --->   "call void (...)* @_ssdm_op_SpecBitsMap(i1* %VIDEO_OUT_V_id_V), !map !301"   --->   Operation 56 'specbitsmap' <Predicate = true> <Delay = 0.00>
ST_12 : Operation 57 [1/1] (0.00ns)   --->   "call void (...)* @_ssdm_op_SpecBitsMap(i1* %VIDEO_OUT_V_dest_V), !map !305"   --->   Operation 57 'specbitsmap' <Predicate = true> <Delay = 0.00>
ST_12 : Operation 58 [1/1] (0.00ns)   --->   "call void (...)* @_ssdm_op_SpecTopModule([13 x i8]* @image_filter_str) nounwind"   --->   Operation 58 'spectopmodule' <Predicate = true> <Delay = 0.00>
ST_12 : Operation 59 [1/1] (0.00ns)   --->   "%empty = call i32 (...)* @_ssdm_op_SpecChannel([23 x i8]* @img_0_OC_data_stream_2, i32 1, [1 x i8]* @p_str89, [1 x i8]* @p_str89, i32 2, i32 2, i8* %img_0_data_stream_0, i8* %img_0_data_stream_0)"   --->   Operation 59 'specchannel' 'empty' <Predicate = true> <Delay = 0.00>
ST_12 : Operation 60 [1/1] (0.00ns)   --->   "call void (...)* @_ssdm_op_SpecInterface(i8* %img_0_data_stream_0, [8 x i8]* @ap_fifo_str, i32 0, i32 0, [1 x i8]* @p_str90, i32 0, i32 0, [1 x i8]* @p_str91, [1 x i8]* @p_str92, [1 x i8]* @p_str93, i32 2, i32 2, i32 16, i32 16, [1 x i8]* @p_str94, [1 x i8]* @p_str95)"   --->   Operation 60 'specinterface' <Predicate = true> <Delay = 0.00>
ST_12 : Operation 61 [1/1] (0.00ns)   --->   "%empty_13 = call i32 (...)* @_ssdm_op_SpecChannel([23 x i8]* @img_0_OC_data_stream_1, i32 1, [1 x i8]* @p_str96, [1 x i8]* @p_str96, i32 2, i32 2, i8* %img_0_data_stream_1, i8* %img_0_data_stream_1)"   --->   Operation 61 'specchannel' 'empty_13' <Predicate = true> <Delay = 0.00>
ST_12 : Operation 62 [1/1] (0.00ns)   --->   "call void (...)* @_ssdm_op_SpecInterface(i8* %img_0_data_stream_1, [8 x i8]* @ap_fifo_str, i32 0, i32 0, [1 x i8]* @p_str97, i32 0, i32 0, [1 x i8]* @p_str98, [1 x i8]* @p_str99, [1 x i8]* @p_str100, i32 2, i32 2, i32 16, i32 16, [1 x i8]* @p_str101, [1 x i8]* @p_str102)"   --->   Operation 62 'specinterface' <Predicate = true> <Delay = 0.00>
ST_12 : Operation 63 [1/1] (0.00ns)   --->   "%empty_14 = call i32 (...)* @_ssdm_op_SpecChannel([23 x i8]* @img_0_OC_data_stream, i32 1, [1 x i8]* @p_str103, [1 x i8]* @p_str103, i32 2, i32 2, i8* %img_0_data_stream_2, i8* %img_0_data_stream_2)"   --->   Operation 63 'specchannel' 'empty_14' <Predicate = true> <Delay = 0.00>
ST_12 : Operation 64 [1/1] (0.00ns)   --->   "call void (...)* @_ssdm_op_SpecInterface(i8* %img_0_data_stream_2, [8 x i8]* @ap_fifo_str, i32 0, i32 0, [1 x i8]* @p_str104, i32 0, i32 0, [1 x i8]* @p_str105, [1 x i8]* @p_str106, [1 x i8]* @p_str107, i32 2, i32 2, i32 16, i32 16, [1 x i8]* @p_str108, [1 x i8]* @p_str109)"   --->   Operation 64 'specinterface' <Predicate = true> <Delay = 0.00>
ST_12 : Operation 65 [1/1] (0.00ns)   --->   "%empty_15 = call i32 (...)* @_ssdm_op_SpecChannel([24 x i8]* @img_1a_OC_data_strea_2, i32 1, [1 x i8]* @p_str110, [1 x i8]* @p_str110, i32 2, i32 2, i8* %img_1a_data_stream_0, i8* %img_1a_data_stream_0)"   --->   Operation 65 'specchannel' 'empty_15' <Predicate = true> <Delay = 0.00>
ST_12 : Operation 66 [1/1] (0.00ns)   --->   "call void (...)* @_ssdm_op_SpecInterface(i8* %img_1a_data_stream_0, [8 x i8]* @ap_fifo_str, i32 0, i32 0, [1 x i8]* @p_str111, i32 0, i32 0, [1 x i8]* @p_str112, [1 x i8]* @p_str113, [1 x i8]* @p_str114, i32 2, i32 2, i32 16, i32 16, [1 x i8]* @p_str115, [1 x i8]* @p_str116)"   --->   Operation 66 'specinterface' <Predicate = true> <Delay = 0.00>
ST_12 : Operation 67 [1/1] (0.00ns)   --->   "%empty_16 = call i32 (...)* @_ssdm_op_SpecChannel([24 x i8]* @img_1a_OC_data_strea_1, i32 1, [1 x i8]* @p_str117, [1 x i8]* @p_str117, i32 2, i32 2, i8* %img_1a_data_stream_1, i8* %img_1a_data_stream_1)"   --->   Operation 67 'specchannel' 'empty_16' <Predicate = true> <Delay = 0.00>
ST_12 : Operation 68 [1/1] (0.00ns)   --->   "call void (...)* @_ssdm_op_SpecInterface(i8* %img_1a_data_stream_1, [8 x i8]* @ap_fifo_str, i32 0, i32 0, [1 x i8]* @p_str118, i32 0, i32 0, [1 x i8]* @p_str119, [1 x i8]* @p_str120, [1 x i8]* @p_str121, i32 2, i32 2, i32 16, i32 16, [1 x i8]* @p_str122, [1 x i8]* @p_str123)"   --->   Operation 68 'specinterface' <Predicate = true> <Delay = 0.00>
ST_12 : Operation 69 [1/1] (0.00ns)   --->   "%empty_17 = call i32 (...)* @_ssdm_op_SpecChannel([24 x i8]* @img_1a_OC_data_strea, i32 1, [1 x i8]* @p_str124, [1 x i8]* @p_str124, i32 2, i32 2, i8* %img_1a_data_stream_2, i8* %img_1a_data_stream_2)"   --->   Operation 69 'specchannel' 'empty_17' <Predicate = true> <Delay = 0.00>
ST_12 : Operation 70 [1/1] (0.00ns)   --->   "call void (...)* @_ssdm_op_SpecInterface(i8* %img_1a_data_stream_2, [8 x i8]* @ap_fifo_str, i32 0, i32 0, [1 x i8]* @p_str125, i32 0, i32 0, [1 x i8]* @p_str126, [1 x i8]* @p_str127, [1 x i8]* @p_str128, i32 2, i32 2, i32 16, i32 16, [1 x i8]* @p_str129, [1 x i8]* @p_str130)"   --->   Operation 70 'specinterface' <Predicate = true> <Delay = 0.00>
ST_12 : Operation 71 [1/1] (0.00ns)   --->   "%empty_18 = call i32 (...)* @_ssdm_op_SpecChannel([24 x i8]* @img_1b_OC_data_strea_2, i32 1, [1 x i8]* @p_str131, [1 x i8]* @p_str131, i32 2, i32 2, i8* %img_1b_data_stream_0, i8* %img_1b_data_stream_0)"   --->   Operation 71 'specchannel' 'empty_18' <Predicate = true> <Delay = 0.00>
ST_12 : Operation 72 [1/1] (0.00ns)   --->   "call void (...)* @_ssdm_op_SpecInterface(i8* %img_1b_data_stream_0, [8 x i8]* @ap_fifo_str, i32 0, i32 0, [1 x i8]* @p_str132, i32 0, i32 0, [1 x i8]* @p_str133, [1 x i8]* @p_str134, [1 x i8]* @p_str135, i32 2, i32 2, i32 16, i32 16, [1 x i8]* @p_str136, [1 x i8]* @p_str137)"   --->   Operation 72 'specinterface' <Predicate = true> <Delay = 0.00>
ST_12 : Operation 73 [1/1] (0.00ns)   --->   "%empty_19 = call i32 (...)* @_ssdm_op_SpecChannel([24 x i8]* @img_1b_OC_data_strea_1, i32 1, [1 x i8]* @p_str138, [1 x i8]* @p_str138, i32 2, i32 2, i8* %img_1b_data_stream_1, i8* %img_1b_data_stream_1)"   --->   Operation 73 'specchannel' 'empty_19' <Predicate = true> <Delay = 0.00>
ST_12 : Operation 74 [1/1] (0.00ns)   --->   "call void (...)* @_ssdm_op_SpecInterface(i8* %img_1b_data_stream_1, [8 x i8]* @ap_fifo_str, i32 0, i32 0, [1 x i8]* @p_str139, i32 0, i32 0, [1 x i8]* @p_str140, [1 x i8]* @p_str141, [1 x i8]* @p_str142, i32 2, i32 2, i32 16, i32 16, [1 x i8]* @p_str143, [1 x i8]* @p_str144)"   --->   Operation 74 'specinterface' <Predicate = true> <Delay = 0.00>
ST_12 : Operation 75 [1/1] (0.00ns)   --->   "%empty_20 = call i32 (...)* @_ssdm_op_SpecChannel([24 x i8]* @img_1b_OC_data_strea, i32 1, [1 x i8]* @p_str145, [1 x i8]* @p_str145, i32 2, i32 2, i8* %img_1b_data_stream_2, i8* %img_1b_data_stream_2)"   --->   Operation 75 'specchannel' 'empty_20' <Predicate = true> <Delay = 0.00>
ST_12 : Operation 76 [1/1] (0.00ns)   --->   "call void (...)* @_ssdm_op_SpecInterface(i8* %img_1b_data_stream_2, [8 x i8]* @ap_fifo_str, i32 0, i32 0, [1 x i8]* @p_str146, i32 0, i32 0, [1 x i8]* @p_str147, [1 x i8]* @p_str148, [1 x i8]* @p_str149, i32 2, i32 2, i32 16, i32 16, [1 x i8]* @p_str150, [1 x i8]* @p_str151)"   --->   Operation 76 'specinterface' <Predicate = true> <Delay = 0.00>
ST_12 : Operation 77 [1/1] (0.00ns)   --->   "%empty_21 = call i32 (...)* @_ssdm_op_SpecChannel([24 x i8]* @img_2a_OC_data_strea_2, i32 1, [1 x i8]* @p_str152, [1 x i8]* @p_str152, i32 2, i32 2, i8* %img_2a_data_stream_0, i8* %img_2a_data_stream_0)"   --->   Operation 77 'specchannel' 'empty_21' <Predicate = true> <Delay = 0.00>
ST_12 : Operation 78 [1/1] (0.00ns)   --->   "call void (...)* @_ssdm_op_SpecInterface(i8* %img_2a_data_stream_0, [8 x i8]* @ap_fifo_str, i32 0, i32 0, [1 x i8]* @p_str153, i32 0, i32 0, [1 x i8]* @p_str154, [1 x i8]* @p_str155, [1 x i8]* @p_str156, i32 2, i32 2, i32 16, i32 16, [1 x i8]* @p_str157, [1 x i8]* @p_str158)"   --->   Operation 78 'specinterface' <Predicate = true> <Delay = 0.00>
ST_12 : Operation 79 [1/1] (0.00ns)   --->   "%empty_22 = call i32 (...)* @_ssdm_op_SpecChannel([24 x i8]* @img_2a_OC_data_strea_1, i32 1, [1 x i8]* @p_str159, [1 x i8]* @p_str159, i32 2, i32 2, i8* %img_2a_data_stream_1, i8* %img_2a_data_stream_1)"   --->   Operation 79 'specchannel' 'empty_22' <Predicate = true> <Delay = 0.00>
ST_12 : Operation 80 [1/1] (0.00ns)   --->   "call void (...)* @_ssdm_op_SpecInterface(i8* %img_2a_data_stream_1, [8 x i8]* @ap_fifo_str, i32 0, i32 0, [1 x i8]* @p_str160, i32 0, i32 0, [1 x i8]* @p_str161, [1 x i8]* @p_str162, [1 x i8]* @p_str163, i32 2, i32 2, i32 16, i32 16, [1 x i8]* @p_str164, [1 x i8]* @p_str165)"   --->   Operation 80 'specinterface' <Predicate = true> <Delay = 0.00>
ST_12 : Operation 81 [1/1] (0.00ns)   --->   "%empty_23 = call i32 (...)* @_ssdm_op_SpecChannel([24 x i8]* @img_2a_OC_data_strea, i32 1, [1 x i8]* @p_str166, [1 x i8]* @p_str166, i32 2, i32 2, i8* %img_2a_data_stream_2, i8* %img_2a_data_stream_2)"   --->   Operation 81 'specchannel' 'empty_23' <Predicate = true> <Delay = 0.00>
ST_12 : Operation 82 [1/1] (0.00ns)   --->   "call void (...)* @_ssdm_op_SpecInterface(i8* %img_2a_data_stream_2, [8 x i8]* @ap_fifo_str, i32 0, i32 0, [1 x i8]* @p_str167, i32 0, i32 0, [1 x i8]* @p_str168, [1 x i8]* @p_str169, [1 x i8]* @p_str170, i32 2, i32 2, i32 16, i32 16, [1 x i8]* @p_str171, [1 x i8]* @p_str172)"   --->   Operation 82 'specinterface' <Predicate = true> <Delay = 0.00>
ST_12 : Operation 83 [1/1] (0.00ns)   --->   "%empty_24 = call i32 (...)* @_ssdm_op_SpecChannel([24 x i8]* @img_2b_OC_data_strea_2, i32 1, [1 x i8]* @p_str173, [1 x i8]* @p_str173, i32 2, i32 2, i8* %img_2b_data_stream_0, i8* %img_2b_data_stream_0)"   --->   Operation 83 'specchannel' 'empty_24' <Predicate = true> <Delay = 0.00>
ST_12 : Operation 84 [1/1] (0.00ns)   --->   "call void (...)* @_ssdm_op_SpecInterface(i8* %img_2b_data_stream_0, [8 x i8]* @ap_fifo_str, i32 0, i32 0, [1 x i8]* @p_str174, i32 0, i32 0, [1 x i8]* @p_str175, [1 x i8]* @p_str176, [1 x i8]* @p_str177, i32 2, i32 2, i32 16, i32 16, [1 x i8]* @p_str178, [1 x i8]* @p_str179)"   --->   Operation 84 'specinterface' <Predicate = true> <Delay = 0.00>
ST_12 : Operation 85 [1/1] (0.00ns)   --->   "%empty_25 = call i32 (...)* @_ssdm_op_SpecChannel([24 x i8]* @img_2b_OC_data_strea_1, i32 1, [1 x i8]* @p_str180, [1 x i8]* @p_str180, i32 2, i32 2, i8* %img_2b_data_stream_1, i8* %img_2b_data_stream_1)"   --->   Operation 85 'specchannel' 'empty_25' <Predicate = true> <Delay = 0.00>
ST_12 : Operation 86 [1/1] (0.00ns)   --->   "call void (...)* @_ssdm_op_SpecInterface(i8* %img_2b_data_stream_1, [8 x i8]* @ap_fifo_str, i32 0, i32 0, [1 x i8]* @p_str181, i32 0, i32 0, [1 x i8]* @p_str182, [1 x i8]* @p_str183, [1 x i8]* @p_str184, i32 2, i32 2, i32 16, i32 16, [1 x i8]* @p_str185, [1 x i8]* @p_str186)"   --->   Operation 86 'specinterface' <Predicate = true> <Delay = 0.00>
ST_12 : Operation 87 [1/1] (0.00ns)   --->   "%empty_26 = call i32 (...)* @_ssdm_op_SpecChannel([24 x i8]* @img_2b_OC_data_strea, i32 1, [1 x i8]* @p_str187, [1 x i8]* @p_str187, i32 2, i32 2, i8* %img_2b_data_stream_2, i8* %img_2b_data_stream_2)"   --->   Operation 87 'specchannel' 'empty_26' <Predicate = true> <Delay = 0.00>
ST_12 : Operation 88 [1/1] (0.00ns)   --->   "call void (...)* @_ssdm_op_SpecInterface(i8* %img_2b_data_stream_2, [8 x i8]* @ap_fifo_str, i32 0, i32 0, [1 x i8]* @p_str188, i32 0, i32 0, [1 x i8]* @p_str189, [1 x i8]* @p_str190, [1 x i8]* @p_str191, i32 2, i32 2, i32 16, i32 16, [1 x i8]* @p_str192, [1 x i8]* @p_str193)"   --->   Operation 88 'specinterface' <Predicate = true> <Delay = 0.00>
ST_12 : Operation 89 [1/1] (0.00ns)   --->   "%empty_27 = call i32 (...)* @_ssdm_op_SpecChannel([23 x i8]* @img_3_OC_data_stream_2, i32 1, [1 x i8]* @p_str194, [1 x i8]* @p_str194, i32 2, i32 2, i8* %img_3_data_stream_0, i8* %img_3_data_stream_0)"   --->   Operation 89 'specchannel' 'empty_27' <Predicate = true> <Delay = 0.00>
ST_12 : Operation 90 [1/1] (0.00ns)   --->   "call void (...)* @_ssdm_op_SpecInterface(i8* %img_3_data_stream_0, [8 x i8]* @ap_fifo_str, i32 0, i32 0, [1 x i8]* @p_str195, i32 0, i32 0, [1 x i8]* @p_str196, [1 x i8]* @p_str197, [1 x i8]* @p_str198, i32 2, i32 2, i32 16, i32 16, [1 x i8]* @p_str199, [1 x i8]* @p_str200)"   --->   Operation 90 'specinterface' <Predicate = true> <Delay = 0.00>
ST_12 : Operation 91 [1/1] (0.00ns)   --->   "%empty_28 = call i32 (...)* @_ssdm_op_SpecChannel([23 x i8]* @img_3_OC_data_stream_1, i32 1, [1 x i8]* @p_str201, [1 x i8]* @p_str201, i32 2, i32 2, i8* %img_3_data_stream_1, i8* %img_3_data_stream_1)"   --->   Operation 91 'specchannel' 'empty_28' <Predicate = true> <Delay = 0.00>
ST_12 : Operation 92 [1/1] (0.00ns)   --->   "call void (...)* @_ssdm_op_SpecInterface(i8* %img_3_data_stream_1, [8 x i8]* @ap_fifo_str, i32 0, i32 0, [1 x i8]* @p_str202, i32 0, i32 0, [1 x i8]* @p_str203, [1 x i8]* @p_str204, [1 x i8]* @p_str205, i32 2, i32 2, i32 16, i32 16, [1 x i8]* @p_str206, [1 x i8]* @p_str207)"   --->   Operation 92 'specinterface' <Predicate = true> <Delay = 0.00>
ST_12 : Operation 93 [1/1] (0.00ns)   --->   "%empty_29 = call i32 (...)* @_ssdm_op_SpecChannel([23 x i8]* @img_3_OC_data_stream, i32 1, [1 x i8]* @p_str208, [1 x i8]* @p_str208, i32 2, i32 2, i8* %img_3_data_stream_2, i8* %img_3_data_stream_2)"   --->   Operation 93 'specchannel' 'empty_29' <Predicate = true> <Delay = 0.00>
ST_12 : Operation 94 [1/1] (0.00ns)   --->   "call void (...)* @_ssdm_op_SpecInterface(i8* %img_3_data_stream_2, [8 x i8]* @ap_fifo_str, i32 0, i32 0, [1 x i8]* @p_str209, i32 0, i32 0, [1 x i8]* @p_str210, [1 x i8]* @p_str211, [1 x i8]* @p_str212, i32 2, i32 2, i32 16, i32 16, [1 x i8]* @p_str213, [1 x i8]* @p_str214)"   --->   Operation 94 'specinterface' <Predicate = true> <Delay = 0.00>
ST_12 : Operation 95 [1/1] (0.00ns)   --->   "call void (...)* @_ssdm_op_SpecInterface(i32* %VIDEO_IN_V_data_V, i4* %VIDEO_IN_V_keep_V, i4* %VIDEO_IN_V_strb_V, i1* %VIDEO_IN_V_user_V, i1* %VIDEO_IN_V_last_V, i1* %VIDEO_IN_V_id_V, i1* %VIDEO_IN_V_dest_V, [5 x i8]* @p_str, i32 1, i32 1, [5 x i8]* @p_str1, i32 0, i32 0, [9 x i8]* @p_str2, [1 x i8]* @p_str3, [1 x i8]* @p_str3, i32 0, i32 0, i32 0, i32 0, [1 x i8]* @p_str3, [1 x i8]* @p_str3) nounwind" [image_filter.cpp:36]   --->   Operation 95 'specinterface' <Predicate = true> <Delay = 0.00>
ST_12 : Operation 96 [1/1] (0.00ns)   --->   "call void (...)* @_ssdm_op_SpecInterface(i32* %VIDEO_OUT_V_data_V, i4* %VIDEO_OUT_V_keep_V, i4* %VIDEO_OUT_V_strb_V, i1* %VIDEO_OUT_V_user_V, i1* %VIDEO_OUT_V_last_V, i1* %VIDEO_OUT_V_id_V, i1* %VIDEO_OUT_V_dest_V, [5 x i8]* @p_str, i32 1, i32 1, [5 x i8]* @p_str1, i32 0, i32 0, [10 x i8]* @p_str4, [1 x i8]* @p_str3, [1 x i8]* @p_str3, i32 0, i32 0, i32 0, i32 0, [1 x i8]* @p_str3, [1 x i8]* @p_str3) nounwind" [image_filter.cpp:37]   --->   Operation 96 'specinterface' <Predicate = true> <Delay = 0.00>
ST_12 : Operation 97 [1/1] (0.00ns)   --->   "ret void" [image_filter.cpp:79]   --->   Operation 97 'ret' <Predicate = true> <Delay = 0.00>


============================================================
+ Verbose Summary: Timing violations
============================================================
Target clock period: 6ns, clock uncertainty: 0.75ns.

 <State 1>: 0ns
The critical path consists of the following:

 <State 2>: 0ns
The critical path consists of the following:

 <State 3>: 0ns
The critical path consists of the following:

 <State 4>: 0ns
The critical path consists of the following:

 <State 5>: 0ns
The critical path consists of the following:

 <State 6>: 0ns
The critical path consists of the following:

 <State 7>: 0ns
The critical path consists of the following:

 <State 8>: 0ns
The critical path consists of the following:

 <State 9>: 0ns
The critical path consists of the following:

 <State 10>: 0ns
The critical path consists of the following:

 <State 11>: 0ns
The critical path consists of the following:

 <State 12>: 0ns
The critical path consists of the following:


============================================================
+ Verbose Summary: Binding
============================================================
N/A
* FSMD analyzer results:
  - Output states:
 - Input state : 
  - Chain level:
	State 1
	State 2
	State 3
	State 4
	State 5
	State 6
	State 7
	State 8
	State 9
	State 10
	State 11
	State 12


============================================================
+ Verbose Summary: Datapath Resource usage 
============================================================
N/A
