

================================================================
== Vivado HLS Report for 'Mat2AXIvideo'
================================================================
* Date:           Mon Jan 21 18:53:31 2019

* Version:        2018.3 (Build 2405991 on Thu Dec 06 23:56:15 MST 2018)
* Project:        proj
* Solution:       sol1
* Product family: zynq
* Target device:  xc7z020clg484-1


================================================================
== Performance Estimates
================================================================
+ Timing (ns): 
    * Summary: 
    +--------+-------+----------+------------+
    |  Clock | Target| Estimated| Uncertainty|
    +--------+-------+----------+------------+
    |ap_clk  |   6.00|     2.625|        0.75|
    +--------+-------+----------+------------+

+ Latency (clock cycles): 
    * Summary: 
    +-------+-------+-------+-------+---------+
    |    Latency    |    Interval   | Pipeline|
    |  min  |  max  |  min  |  max  |   Type  |
    +-------+-------+-------+-------+---------+
    |  49281|  49281|  49281|  49281|   none  |
    +-------+-------+-------+-------+---------+

    + Detail: 
        * Instance: 
        N/A

        * Loop: 
        +---------------+-------+-------+----------+-----------+-----------+------+----------+
        |               |    Latency    | Iteration|  Initiation Interval  | Trip |          |
        |   Loop Name   |  min  |  max  |  Latency |  achieved |   target  | Count| Pipelined|
        +---------------+-------+-------+----------+-----------+-----------+------+----------+
        |- loop_height  |  49280|  49280|       224|          -|          -|   220|    no    |
        | + loop_width  |    221|    221|         3|          1|          1|   220|    yes   |
        +---------------+-------+-------+----------+-----------+-----------+------+----------+

============================================================
+ Verbose Summary: Synthesis Manager
============================================================
InlineROM: 1
ExposeGlobal: 0
============================================================
+ Verbose Summary: CDFG Model
============================================================
IsTopModel: 0
ResetActiveHigh: 1
IsCombinational: 2
IsDatapathOnly: 0
HasWiredReturn: 1
HasMFsm: 0
HasVarLatency: 1
IsPipeline: 0
IsRtlPipelined: 0
IsInstanceOverlapped: 0
IsDontTouch: 0
HasImplIP: 0
IsGatedGlobalClock: 0

+ Individual pipeline summary: 
  * Pipeline-0: initiation interval (II) = 1, depth = 3


============================================================
+ Verbose Summary: Schedule
============================================================
* Number of FSM states : 6
* Pipeline : 1
  Pipeline-0 : II = 1, D = 3, States = { 3 4 5 }
* Dataflow Pipeline: 0

* FSM state transitions: 
1 --> 
	2  / true
2 --> 
	3  / (!exitcond1)
3 --> 
	6  / (exitcond)
	4  / (!exitcond)
4 --> 
	5  / true
5 --> 
	3  / true
6 --> 
	2  / true

* FSM state operations: 

State 1 <SV = 0> <Delay = 1.76>
ST_1 : Operation 7 [1/1] (0.00ns)   --->   "%tmp_user_V = alloca i1"   --->   Operation 7 'alloca' 'tmp_user_V' <Predicate = true> <Delay = 0.00>
ST_1 : Operation 8 [1/1] (0.00ns)   --->   "call void (...)* @_ssdm_op_SpecInterface(i8* %img_data_stream_2_V, [8 x i8]* @ap_fifo_str, i32 0, i32 0, [1 x i8]* @p_str209, i32 0, i32 0, [1 x i8]* @p_str210, [1 x i8]* @p_str211, [1 x i8]* @p_str212, i32 2, i32 2, i32 16, i32 16, [1 x i8]* @p_str213, [1 x i8]* @p_str214)"   --->   Operation 8 'specinterface' <Predicate = true> <Delay = 0.00>
ST_1 : Operation 9 [1/1] (0.00ns)   --->   "call void (...)* @_ssdm_op_SpecInterface(i8* %img_data_stream_1_V, [8 x i8]* @ap_fifo_str, i32 0, i32 0, [1 x i8]* @p_str202, i32 0, i32 0, [1 x i8]* @p_str203, [1 x i8]* @p_str204, [1 x i8]* @p_str205, i32 2, i32 2, i32 16, i32 16, [1 x i8]* @p_str206, [1 x i8]* @p_str207)"   --->   Operation 9 'specinterface' <Predicate = true> <Delay = 0.00>
ST_1 : Operation 10 [1/1] (0.00ns)   --->   "call void (...)* @_ssdm_op_SpecInterface(i8* %img_data_stream_0_V, [8 x i8]* @ap_fifo_str, i32 0, i32 0, [1 x i8]* @p_str195, i32 0, i32 0, [1 x i8]* @p_str196, [1 x i8]* @p_str197, [1 x i8]* @p_str198, i32 2, i32 2, i32 16, i32 16, [1 x i8]* @p_str199, [1 x i8]* @p_str200)"   --->   Operation 10 'specinterface' <Predicate = true> <Delay = 0.00>
ST_1 : Operation 11 [1/1] (0.00ns)   --->   "call void (...)* @_ssdm_op_SpecInterface(i32* %AXI_video_strm_V_data_V, i4* %AXI_video_strm_V_keep_V, i4* %AXI_video_strm_V_strb_V, i1* %AXI_video_strm_V_user_V, i1* %AXI_video_strm_V_last_V, i1* %AXI_video_strm_V_id_V, i1* %AXI_video_strm_V_dest_V, [5 x i8]* @p_str, i32 1, i32 1, [5 x i8]* @p_str1, i32 0, i32 0, [10 x i8]* @p_str4, [1 x i8]* @p_str3, [1 x i8]* @p_str3, i32 0, i32 0, i32 0, i32 0, [1 x i8]* @p_str3, [1 x i8]* @p_str3) nounwind"   --->   Operation 11 'specinterface' <Predicate = true> <Delay = 0.00>
ST_1 : Operation 12 [1/1] (1.76ns)   --->   "store i1 true, i1* %tmp_user_V"   --->   Operation 12 'store' <Predicate = true> <Delay = 1.76>
ST_1 : Operation 13 [1/1] (1.76ns)   --->   "br label %.preheader" [/tools/Xilinx/Vivado/2018.3/common/technology/autopilot/hls/hls_video_io.h:125]   --->   Operation 13 'br' <Predicate = true> <Delay = 1.76>

State 2 <SV = 1> <Delay = 2.52>
ST_2 : Operation 14 [1/1] (0.00ns)   --->   "%t_V = phi i8 [ %i_V, %2 ], [ 0, %.preheader.preheader ]"   --->   Operation 14 'phi' 't_V' <Predicate = true> <Delay = 0.00>
ST_2 : Operation 15 [1/1] (1.55ns)   --->   "%exitcond1 = icmp eq i8 %t_V, -36" [/tools/Xilinx/Vivado/2018.3/common/technology/autopilot/hls/hls_video_io.h:125]   --->   Operation 15 'icmp' 'exitcond1' <Predicate = true> <Delay = 1.55> <Core = "Cmp">   --->   Core 25 'Cmp' <Latency = 0> <II = 1> <Delay = 1.55> <FuncUnit> <Opcode : 'icmp'> <InPorts = 2> <OutPorts = 1>
ST_2 : Operation 16 [1/1] (0.00ns)   --->   "call void (...)* @_ssdm_op_SpecLoopTripCount(i64 220, i64 220, i64 220)"   --->   Operation 16 'speclooptripcount' <Predicate = true> <Delay = 0.00>
ST_2 : Operation 17 [1/1] (1.91ns)   --->   "%i_V = add i8 %t_V, 1" [/tools/Xilinx/Vivado/2018.3/common/technology/autopilot/hls/hls_video_io.h:125]   --->   Operation 17 'add' 'i_V' <Predicate = true> <Delay = 1.91> <Core = "AddSub">   --->   Core 14 'AddSub' <Latency = 0> <II = 1> <Delay = 1.91> <FuncUnit> <Opcode : 'add' 'sub'> <InPorts = 2> <OutPorts = 1>
ST_2 : Operation 18 [1/1] (0.00ns)   --->   "br i1 %exitcond1, label %3, label %0" [/tools/Xilinx/Vivado/2018.3/common/technology/autopilot/hls/hls_video_io.h:125]   --->   Operation 18 'br' <Predicate = true> <Delay = 0.00>
ST_2 : Operation 19 [1/1] (0.00ns)   --->   "call void (...)* @_ssdm_op_SpecLoopName([12 x i8]* @p_str21) nounwind" [/tools/Xilinx/Vivado/2018.3/common/technology/autopilot/hls/hls_video_io.h:125]   --->   Operation 19 'specloopname' <Predicate = (!exitcond1)> <Delay = 0.00>
ST_2 : Operation 20 [1/1] (0.00ns)   --->   "%tmp = call i32 (...)* @_ssdm_op_SpecRegionBegin([12 x i8]* @p_str21)" [/tools/Xilinx/Vivado/2018.3/common/technology/autopilot/hls/hls_video_io.h:125]   --->   Operation 20 'specregionbegin' 'tmp' <Predicate = (!exitcond1)> <Delay = 0.00>
ST_2 : Operation 21 [1/1] (1.76ns)   --->   "br label %1" [/tools/Xilinx/Vivado/2018.3/common/technology/autopilot/hls/hls_video_io.h:126]   --->   Operation 21 'br' <Predicate = (!exitcond1)> <Delay = 1.76>
ST_2 : Operation 22 [1/1] (0.00ns)   --->   "ret void"   --->   Operation 22 'ret' <Predicate = (exitcond1)> <Delay = 0.00>

State 3 <SV = 2> <Delay = 2.52>
ST_3 : Operation 23 [1/1] (0.00ns)   --->   "%t_V_1 = phi i8 [ 0, %0 ], [ %j_V, %"operator>>.exit" ]"   --->   Operation 23 'phi' 't_V_1' <Predicate = true> <Delay = 0.00>
ST_3 : Operation 24 [1/1] (1.55ns)   --->   "%exitcond = icmp eq i8 %t_V_1, -36" [/tools/Xilinx/Vivado/2018.3/common/technology/autopilot/hls/hls_video_io.h:126]   --->   Operation 24 'icmp' 'exitcond' <Predicate = true> <Delay = 1.55> <Core = "Cmp">   --->   Core 25 'Cmp' <Latency = 0> <II = 1> <Delay = 1.55> <FuncUnit> <Opcode : 'icmp'> <InPorts = 2> <OutPorts = 1>
ST_3 : Operation 25 [1/1] (0.00ns)   --->   "call void (...)* @_ssdm_op_SpecLoopTripCount(i64 220, i64 220, i64 220)"   --->   Operation 25 'speclooptripcount' <Predicate = true> <Delay = 0.00>
ST_3 : Operation 26 [1/1] (1.91ns)   --->   "%j_V = add i8 %t_V_1, 1" [/tools/Xilinx/Vivado/2018.3/common/technology/autopilot/hls/hls_video_io.h:126]   --->   Operation 26 'add' 'j_V' <Predicate = true> <Delay = 1.91> <Core = "AddSub">   --->   Core 14 'AddSub' <Latency = 0> <II = 1> <Delay = 1.91> <FuncUnit> <Opcode : 'add' 'sub'> <InPorts = 2> <OutPorts = 1>
ST_3 : Operation 27 [1/1] (0.00ns)   --->   "br i1 %exitcond, label %2, label %"operator>>.exit"" [/tools/Xilinx/Vivado/2018.3/common/technology/autopilot/hls/hls_video_io.h:126]   --->   Operation 27 'br' <Predicate = true> <Delay = 0.00>
ST_3 : Operation 28 [1/1] (1.55ns)   --->   "%axi_last_V = icmp eq i8 %t_V_1, -37" [/tools/Xilinx/Vivado/2018.3/common/technology/autopilot/hls/hls_video_io.h:135]   --->   Operation 28 'icmp' 'axi_last_V' <Predicate = (!exitcond)> <Delay = 1.55> <Core = "Cmp">   --->   Core 25 'Cmp' <Latency = 0> <II = 1> <Delay = 1.55> <FuncUnit> <Opcode : 'icmp'> <InPorts = 2> <OutPorts = 1>

State 4 <SV = 3> <Delay = 2.62>
ST_4 : Operation 29 [1/1] (0.00ns)   --->   "%tmp_user_V_load = load i1* %tmp_user_V" [/tools/Xilinx/Vivado/2018.3/common/technology/autopilot/hls/hls_video_io.h:146]   --->   Operation 29 'load' 'tmp_user_V_load' <Predicate = (!exitcond)> <Delay = 0.00>
ST_4 : Operation 30 [1/1] (0.00ns)   --->   "%tmp_1 = call i32 (...)* @_ssdm_op_SpecRegionBegin([12 x i8]* @p_str26)" [/tools/Xilinx/Vivado/2018.3/common/technology/autopilot/hls/hls_video_core.h:672->/tools/Xilinx/Vivado/2018.3/common/technology/autopilot/hls/hls_video_core.h:711->/tools/Xilinx/Vivado/2018.3/common/technology/autopilot/hls/hls_video_io.h:140]   --->   Operation 30 'specregionbegin' 'tmp_1' <Predicate = (!exitcond)> <Delay = 0.00>
ST_4 : Operation 31 [1/1] (0.00ns)   --->   "call void (...)* @_ssdm_op_SpecProtocol(i32 0, [1 x i8]* @p_str3) nounwind" [/tools/Xilinx/Vivado/2018.3/common/technology/autopilot/hls/hls_video_core.h:676->/tools/Xilinx/Vivado/2018.3/common/technology/autopilot/hls/hls_video_core.h:711->/tools/Xilinx/Vivado/2018.3/common/technology/autopilot/hls/hls_video_io.h:140]   --->   Operation 31 'specprotocol' <Predicate = (!exitcond)> <Delay = 0.00>
ST_4 : Operation 32 [1/1] (2.62ns)   --->   "%tmp_29 = call i8 @_ssdm_op_Read.ap_fifo.volatile.i8P(i8* %img_data_stream_0_V)" [/tools/Xilinx/Vivado/2018.3/common/technology/autopilot/hls/hls_video_core.h:679->/tools/Xilinx/Vivado/2018.3/common/technology/autopilot/hls/hls_video_core.h:711->/tools/Xilinx/Vivado/2018.3/common/technology/autopilot/hls/hls_video_io.h:140]   --->   Operation 32 'read' 'tmp_29' <Predicate = (!exitcond)> <Delay = 2.62> <Core = "FIFO">   --->   Core 32 'FIFO' <Latency = 0> <II = 1> <Delay = 3.63> <Storage> <Opcode : 'read' 'write' 'nbread' 'nbwrite'> <Ports = 0> <Width = 8> <Depth = 2> <FIFO>
ST_4 : Operation 33 [1/1] (2.62ns)   --->   "%tmp_30 = call i8 @_ssdm_op_Read.ap_fifo.volatile.i8P(i8* %img_data_stream_1_V)" [/tools/Xilinx/Vivado/2018.3/common/technology/autopilot/hls/hls_video_core.h:679->/tools/Xilinx/Vivado/2018.3/common/technology/autopilot/hls/hls_video_core.h:711->/tools/Xilinx/Vivado/2018.3/common/technology/autopilot/hls/hls_video_io.h:140]   --->   Operation 33 'read' 'tmp_30' <Predicate = (!exitcond)> <Delay = 2.62> <Core = "FIFO">   --->   Core 32 'FIFO' <Latency = 0> <II = 1> <Delay = 3.63> <Storage> <Opcode : 'read' 'write' 'nbread' 'nbwrite'> <Ports = 0> <Width = 8> <Depth = 2> <FIFO>
ST_4 : Operation 34 [1/1] (2.62ns)   --->   "%tmp_28 = call i8 @_ssdm_op_Read.ap_fifo.volatile.i8P(i8* %img_data_stream_2_V)" [/tools/Xilinx/Vivado/2018.3/common/technology/autopilot/hls/hls_video_core.h:679->/tools/Xilinx/Vivado/2018.3/common/technology/autopilot/hls/hls_video_core.h:711->/tools/Xilinx/Vivado/2018.3/common/technology/autopilot/hls/hls_video_io.h:140]   --->   Operation 34 'read' 'tmp_28' <Predicate = (!exitcond)> <Delay = 2.62> <Core = "FIFO">   --->   Core 32 'FIFO' <Latency = 0> <II = 1> <Delay = 3.63> <Storage> <Opcode : 'read' 'write' 'nbread' 'nbwrite'> <Ports = 0> <Width = 8> <Depth = 2> <FIFO>
ST_4 : Operation 35 [1/1] (0.00ns)   --->   "%empty = call i32 (...)* @_ssdm_op_SpecRegionEnd([12 x i8]* @p_str26, i32 %tmp_1)" [/tools/Xilinx/Vivado/2018.3/common/technology/autopilot/hls/hls_video_core.h:681->/tools/Xilinx/Vivado/2018.3/common/technology/autopilot/hls/hls_video_core.h:711->/tools/Xilinx/Vivado/2018.3/common/technology/autopilot/hls/hls_video_io.h:140]   --->   Operation 35 'specregionend' 'empty' <Predicate = (!exitcond)> <Delay = 0.00>
ST_4 : Operation 36 [1/1] (0.00ns)   --->   "%tmp_data_V = call i32 @_ssdm_op_BitConcatenate.i32.i8.i8.i8.i8(i8 -1, i8 %tmp_28, i8 %tmp_30, i8 %tmp_29)" [/tools/Xilinx/Vivado/2018.3/common/technology/autopilot/hls/hls_axi_io.h:78->/tools/Xilinx/Vivado/2018.3/common/technology/autopilot/hls/hls_axi_io.h:100->/tools/Xilinx/Vivado/2018.3/common/technology/autopilot/hls/hls_video_io.h:143]   --->   Operation 36 'bitconcatenate' 'tmp_data_V' <Predicate = (!exitcond)> <Delay = 0.00>
ST_4 : Operation 37 [2/2] (0.00ns)   --->   "call void @_ssdm_op_Write.axis.volatile.i32P.i4P.i4P.i1P.i1P.i1P.i1P(i32* %AXI_video_strm_V_data_V, i4* %AXI_video_strm_V_keep_V, i4* %AXI_video_strm_V_strb_V, i1* %AXI_video_strm_V_user_V, i1* %AXI_video_strm_V_last_V, i1* %AXI_video_strm_V_id_V, i1* %AXI_video_strm_V_dest_V, i32 %tmp_data_V, i4 -1, i4 undef, i1 %tmp_user_V_load, i1 %axi_last_V, i1 undef, i1 undef)" [/tools/Xilinx/Vivado/2018.3/common/technology/autopilot/hls/hls_video_io.h:146]   --->   Operation 37 'write' <Predicate = (!exitcond)> <Delay = 0.00> <Core = "AXI4Stream">   --->   Core 5 'AXI4Stream' <Latency = 0> <II = 1> <Delay = 1.00> <Adapter> <Opcode : >
ST_4 : Operation 38 [1/1] (1.76ns)   --->   "store i1 false, i1* %tmp_user_V"   --->   Operation 38 'store' <Predicate = (!exitcond)> <Delay = 1.76>

State 5 <SV = 4> <Delay = 0.00>
ST_5 : Operation 39 [1/1] (0.00ns)   --->   "call void (...)* @_ssdm_op_SpecLoopName([11 x i8]* @p_str22) nounwind" [/tools/Xilinx/Vivado/2018.3/common/technology/autopilot/hls/hls_video_io.h:126]   --->   Operation 39 'specloopname' <Predicate = (!exitcond)> <Delay = 0.00>
ST_5 : Operation 40 [1/1] (0.00ns)   --->   "%tmp_s = call i32 (...)* @_ssdm_op_SpecRegionBegin([11 x i8]* @p_str22)" [/tools/Xilinx/Vivado/2018.3/common/technology/autopilot/hls/hls_video_io.h:126]   --->   Operation 40 'specregionbegin' 'tmp_s' <Predicate = (!exitcond)> <Delay = 0.00>
ST_5 : Operation 41 [1/1] (0.00ns)   --->   "call void (...)* @_ssdm_op_SpecPipeline(i32 1, i32 1, i32 1, i32 0, [1 x i8]* @p_str3) nounwind" [/tools/Xilinx/Vivado/2018.3/common/technology/autopilot/hls/hls_video_io.h:128]   --->   Operation 41 'specpipeline' <Predicate = (!exitcond)> <Delay = 0.00>
ST_5 : Operation 42 [1/2] (0.00ns)   --->   "call void @_ssdm_op_Write.axis.volatile.i32P.i4P.i4P.i1P.i1P.i1P.i1P(i32* %AXI_video_strm_V_data_V, i4* %AXI_video_strm_V_keep_V, i4* %AXI_video_strm_V_strb_V, i1* %AXI_video_strm_V_user_V, i1* %AXI_video_strm_V_last_V, i1* %AXI_video_strm_V_id_V, i1* %AXI_video_strm_V_dest_V, i32 %tmp_data_V, i4 -1, i4 undef, i1 %tmp_user_V_load, i1 %axi_last_V, i1 undef, i1 undef)" [/tools/Xilinx/Vivado/2018.3/common/technology/autopilot/hls/hls_video_io.h:146]   --->   Operation 42 'write' <Predicate = (!exitcond)> <Delay = 0.00> <Core = "AXI4Stream">   --->   Core 5 'AXI4Stream' <Latency = 0> <II = 1> <Delay = 1.00> <Adapter> <Opcode : >
ST_5 : Operation 43 [1/1] (0.00ns)   --->   "%empty_68 = call i32 (...)* @_ssdm_op_SpecRegionEnd([11 x i8]* @p_str22, i32 %tmp_s)" [/tools/Xilinx/Vivado/2018.3/common/technology/autopilot/hls/hls_video_io.h:147]   --->   Operation 43 'specregionend' 'empty_68' <Predicate = (!exitcond)> <Delay = 0.00>
ST_5 : Operation 44 [1/1] (0.00ns)   --->   "br label %1" [/tools/Xilinx/Vivado/2018.3/common/technology/autopilot/hls/hls_video_io.h:126]   --->   Operation 44 'br' <Predicate = (!exitcond)> <Delay = 0.00>

State 6 <SV = 3> <Delay = 0.00>
ST_6 : Operation 45 [1/1] (0.00ns)   --->   "%empty_69 = call i32 (...)* @_ssdm_op_SpecRegionEnd([12 x i8]* @p_str21, i32 %tmp)" [/tools/Xilinx/Vivado/2018.3/common/technology/autopilot/hls/hls_video_io.h:148]   --->   Operation 45 'specregionend' 'empty_69' <Predicate = true> <Delay = 0.00>
ST_6 : Operation 46 [1/1] (0.00ns)   --->   "br label %.preheader" [/tools/Xilinx/Vivado/2018.3/common/technology/autopilot/hls/hls_video_io.h:125]   --->   Operation 46 'br' <Predicate = true> <Delay = 0.00>


============================================================
+ Verbose Summary: Timing violations
============================================================
Target clock period: 6ns, clock uncertainty: 0.75ns.

 <State 1>: 1.77ns
The critical path consists of the following:
	'alloca' operation ('tmp.user.V') [11]  (0 ns)
	'store' operation of constant 1 on local variable 'tmp.user.V' [16]  (1.77 ns)

 <State 2>: 2.53ns
The critical path consists of the following:
	'icmp' operation ('exitcond1', /tools/Xilinx/Vivado/2018.3/common/technology/autopilot/hls/hls_video_io.h:125) [20]  (1.55 ns)
	blocking operation 0.978 ns on control path)

 <State 3>: 2.53ns
The critical path consists of the following:
	'icmp' operation ('exitcond', /tools/Xilinx/Vivado/2018.3/common/technology/autopilot/hls/hls_video_io.h:126) [30]  (1.55 ns)
	blocking operation 0.978 ns on control path)

 <State 4>: 2.62ns
The critical path consists of the following:
	fifo read on port 'img_data_stream_0_V' (/tools/Xilinx/Vivado/2018.3/common/technology/autopilot/hls/hls_video_core.h:679->/tools/Xilinx/Vivado/2018.3/common/technology/autopilot/hls/hls_video_core.h:711->/tools/Xilinx/Vivado/2018.3/common/technology/autopilot/hls/hls_video_io.h:140) [42]  (2.62 ns)

 <State 5>: 0ns
The critical path consists of the following:

 <State 6>: 0ns
The critical path consists of the following:


============================================================
+ Verbose Summary: Binding
============================================================
N/A
* FSMD analyzer results:
  - Output states:
 - Input state : 
  - Chain level:
	State 1
	State 2
	State 3
	State 4
	State 5
	State 6


============================================================
+ Verbose Summary: Datapath Resource usage 
============================================================
N/A
