

================================================================
== Vivado HLS Report for 'Filter2D'
================================================================
* Date:           Mon Jan 21 18:53:35 2019

* Version:        2018.3 (Build 2405991 on Thu Dec 06 23:56:15 MST 2018)
* Project:        proj
* Solution:       sol1
* Product family: zynq
* Target device:  xc7z020clg484-1


================================================================
== Performance Estimates
================================================================
+ Timing (ns): 
    * Summary: 
    +--------+-------+----------+------------+
    |  Clock | Target| Estimated| Uncertainty|
    +--------+-------+----------+------------+
    |ap_clk  |   6.00|     5.089|        0.75|
    +--------+-------+----------+------------+

+ Latency (clock cycles): 
    * Summary: 
    +--------+--------+--------+--------+---------+
    |     Latency     |     Interval    | Pipeline|
    |   min  |   max  |   min  |   max  |   Type  |
    +--------+--------+--------+--------+---------+
    |  151186|  151186|  151186|  151186|   none  |
    +--------+--------+--------+--------+---------+

    + Detail: 
        * Instance: 
        N/A

        * Loop: 
        +---------------+--------+--------+----------+-----------+-----------+------+----------+
        |               |     Latency     | Iteration|  Initiation Interval  | Trip |          |
        |   Loop Name   |   min  |   max  |  Latency |  achieved |   target  | Count| Pipelined|
        +---------------+--------+--------+----------+-----------+-----------+------+----------+
        |- Loop 1       |       2|       2|         1|          -|          -|     3|    no    |
        |- loop_height  |  151182|  151182|       681|          -|          -|   222|    no    |
        | + loop_width  |     678|     678|        16|          3|          1|   222|    yes   |
        +---------------+--------+--------+----------+-----------+-----------+------+----------+



================================================================
== Utilization Estimates
================================================================
* Summary: 
+-----------------+---------+-------+--------+-------+
|       Name      | BRAM_18K| DSP48E|   FF   |  LUT  |
+-----------------+---------+-------+--------+-------+
|DSP              |        -|     42|       -|      -|
|Expression       |        -|      0|       0|   2516|
|FIFO             |        -|      -|       -|      -|
|Instance         |        -|      -|       -|      -|
|Memory           |       12|      -|       0|      0|
|Multiplexer      |        -|      -|       -|    794|
|Register         |        0|      -|    3259|    160|
+-----------------+---------+-------+--------+-------+
|Total            |       12|     42|    3259|   3470|
+-----------------+---------+-------+--------+-------+
|Available        |      280|    220|  106400|  53200|
+-----------------+---------+-------+--------+-------+
|Utilization (%)  |        4|     19|       3|      6|
+-----------------+---------+-------+--------+-------+

+ Detail: 
    * Instance: 
    N/A

    * DSP48: 
    +-------------------------------------------------+---------------------------------------------+--------------+
    |                     Instance                    |                    Module                   |  Expression  |
    +-------------------------------------------------+---------------------------------------------+--------------+
    |image_filter_mac_muladd_6s_8ns_15s_16_3_1_U20    |image_filter_mac_muladd_6s_8ns_15s_16_3_1    | i0 * i1 + i2 |
    |image_filter_mac_muladd_6s_8ns_15s_16_3_1_U21    |image_filter_mac_muladd_6s_8ns_15s_16_3_1    | i0 * i1 + i2 |
    |image_filter_mac_muladd_6s_8ns_15s_16_3_1_U22    |image_filter_mac_muladd_6s_8ns_15s_16_3_1    | i0 * i1 + i2 |
    |image_filter_mac_muladd_6s_8ns_16ns_16_3_1_U39   |image_filter_mac_muladd_6s_8ns_16ns_16_3_1   | i0 * i1 + i2 |
    |image_filter_mac_muladd_6s_8ns_16ns_16_3_1_U47   |image_filter_mac_muladd_6s_8ns_16ns_16_3_1   | i0 * i1 + i2 |
    |image_filter_mac_muladd_6s_8ns_16ns_16_3_1_U53   |image_filter_mac_muladd_6s_8ns_16ns_16_3_1   | i0 * i1 + i2 |
    |image_filter_mac_muladd_7s_8ns_12ns_15_3_1_U38   |image_filter_mac_muladd_7s_8ns_12ns_15_3_1   | i0 + i1 * i2 |
    |image_filter_mac_muladd_7s_8ns_12ns_15_3_1_U46   |image_filter_mac_muladd_7s_8ns_12ns_15_3_1   | i0 + i1 * i2 |
    |image_filter_mac_muladd_7s_8ns_12ns_15_3_1_U52   |image_filter_mac_muladd_7s_8ns_12ns_15_3_1   | i0 + i1 * i2 |
    |image_filter_mac_muladd_7s_8ns_13s_16_3_1_U24    |image_filter_mac_muladd_7s_8ns_13s_16_3_1    | i0 + i1 * i2 |
    |image_filter_mac_muladd_7s_8ns_13s_16_3_1_U31    |image_filter_mac_muladd_7s_8ns_13s_16_3_1    | i0 + i1 * i2 |
    |image_filter_mac_muladd_7s_8ns_13s_16_3_1_U40    |image_filter_mac_muladd_7s_8ns_13s_16_3_1    | i0 + i1 * i2 |
    |image_filter_mac_muladd_7s_8ns_15s_16_3_1_U43    |image_filter_mac_muladd_7s_8ns_15s_16_3_1    | i0 * i1 + i2 |
    |image_filter_mac_muladd_7s_8ns_15s_16_3_1_U49    |image_filter_mac_muladd_7s_8ns_15s_16_3_1    | i0 * i1 + i2 |
    |image_filter_mac_muladd_7s_8ns_15s_16_3_1_U56    |image_filter_mac_muladd_7s_8ns_15s_16_3_1    | i0 * i1 + i2 |
    |image_filter_mac_muladd_7s_8ns_16ns_16_3_1_U36   |image_filter_mac_muladd_7s_8ns_16ns_16_3_1   | i0 * i1 + i2 |
    |image_filter_mac_muladd_7s_8ns_16ns_16_3_1_U44   |image_filter_mac_muladd_7s_8ns_16ns_16_3_1   | i0 * i1 + i2 |
    |image_filter_mac_muladd_7s_8ns_16ns_16_3_1_U50   |image_filter_mac_muladd_7s_8ns_16ns_16_3_1   | i0 * i1 + i2 |
    |image_filter_mac_muladd_8ns_8ns_15ns_15_3_1_U25  |image_filter_mac_muladd_8ns_8ns_15ns_15_3_1  | i0 + i1 * i2 |
    |image_filter_mac_muladd_8ns_8ns_15ns_15_3_1_U27  |image_filter_mac_muladd_8ns_8ns_15ns_15_3_1  | i0 + i1 * i2 |
    |image_filter_mac_muladd_8ns_8ns_15ns_15_3_1_U35  |image_filter_mac_muladd_8ns_8ns_15ns_15_3_1  | i0 + i1 * i2 |
    |image_filter_mac_muladd_8ns_8ns_15ns_16_3_1_U30  |image_filter_mac_muladd_8ns_8ns_15ns_16_3_1  | i0 * i1 + i2 |
    |image_filter_mac_muladd_8ns_8ns_15ns_16_3_1_U33  |image_filter_mac_muladd_8ns_8ns_15ns_16_3_1  | i0 * i1 + i2 |
    |image_filter_mac_muladd_8ns_8ns_15ns_16_3_1_U41  |image_filter_mac_muladd_8ns_8ns_15ns_16_3_1  | i0 * i1 + i2 |
    |image_filter_mac_muladd_8ns_8ns_16s_17_3_1_U42   |image_filter_mac_muladd_8ns_8ns_16s_17_3_1   | i0 * i1 + i2 |
    |image_filter_mac_muladd_8ns_8ns_16s_17_3_1_U48   |image_filter_mac_muladd_8ns_8ns_16s_17_3_1   | i0 * i1 + i2 |
    |image_filter_mac_muladd_8ns_8ns_16s_17_3_1_U55   |image_filter_mac_muladd_8ns_8ns_16s_17_3_1   | i0 * i1 + i2 |
    |image_filter_mac_muladd_8ns_8ns_20ns_20_3_1_U59  |image_filter_mac_muladd_8ns_8ns_20ns_20_3_1  | i0 * i1 + i2 |
    |image_filter_mac_muladd_8ns_8ns_20ns_20_3_1_U60  |image_filter_mac_muladd_8ns_8ns_20ns_20_3_1  | i0 * i1 + i2 |
    |image_filter_mac_muladd_8ns_8ns_20ns_20_3_1_U61  |image_filter_mac_muladd_8ns_8ns_20ns_20_3_1  | i0 * i1 + i2 |
    |image_filter_mac_muladd_8s_8ns_16s_17_3_1_U23    |image_filter_mac_muladd_8s_8ns_16s_17_3_1    | i0 * i1 + i2 |
    |image_filter_mac_muladd_8s_8ns_16s_17_3_1_U26    |image_filter_mac_muladd_8s_8ns_16s_17_3_1    | i0 * i1 + i2 |
    |image_filter_mac_muladd_8s_8ns_16s_17_3_1_U28    |image_filter_mac_muladd_8s_8ns_16s_17_3_1    | i0 * i1 + i2 |
    |image_filter_mac_muladd_8s_8ns_17s_17_3_1_U29    |image_filter_mac_muladd_8s_8ns_17s_17_3_1    | i0 * i1 + i2 |
    |image_filter_mac_muladd_8s_8ns_17s_17_3_1_U32    |image_filter_mac_muladd_8s_8ns_17s_17_3_1    | i0 * i1 + i2 |
    |image_filter_mac_muladd_8s_8ns_17s_17_3_1_U34    |image_filter_mac_muladd_8s_8ns_17s_17_3_1    | i0 * i1 + i2 |
    |image_filter_mac_muladd_8s_8ns_17s_18_3_1_U37    |image_filter_mac_muladd_8s_8ns_17s_18_3_1    | i0 * i1 + i2 |
    |image_filter_mac_muladd_8s_8ns_17s_18_3_1_U45    |image_filter_mac_muladd_8s_8ns_17s_18_3_1    | i0 * i1 + i2 |
    |image_filter_mac_muladd_8s_8ns_17s_18_3_1_U51    |image_filter_mac_muladd_8s_8ns_17s_18_3_1    | i0 * i1 + i2 |
    |image_filter_mac_muladd_8s_8ns_19ns_19_3_1_U54   |image_filter_mac_muladd_8s_8ns_19ns_19_3_1   | i0 * i1 + i2 |
    |image_filter_mac_muladd_8s_8ns_19ns_19_3_1_U57   |image_filter_mac_muladd_8s_8ns_19ns_19_3_1   | i0 * i1 + i2 |
    |image_filter_mac_muladd_8s_8ns_19ns_19_3_1_U58   |image_filter_mac_muladd_8s_8ns_19ns_19_3_1   | i0 * i1 + i2 |
    +-------------------------------------------------+---------------------------------------------+--------------+

    * Memory: 
    +-----------------+------------------------+---------+---+----+------+-----+------+-------------+
    |      Memory     |         Module         | BRAM_18K| FF| LUT| Words| Bits| Banks| W*Bits*Banks|
    +-----------------+------------------------+---------+---+----+------+-----+------+-------------+
    |k_buf_0_val_0_U  |Filter2D_k_buf_0_val_0  |        1|  0|   0|   220|    8|     1|         1760|
    |k_buf_1_val_0_U  |Filter2D_k_buf_0_val_0  |        1|  0|   0|   220|    8|     1|         1760|
    |k_buf_0_val_1_U  |Filter2D_k_buf_0_val_1  |        1|  0|   0|   220|    8|     1|         1760|
    |k_buf_0_val_2_U  |Filter2D_k_buf_0_val_1  |        1|  0|   0|   220|    8|     1|         1760|
    |k_buf_0_val_3_U  |Filter2D_k_buf_0_val_1  |        1|  0|   0|   220|    8|     1|         1760|
    |k_buf_1_val_1_U  |Filter2D_k_buf_0_val_1  |        1|  0|   0|   220|    8|     1|         1760|
    |k_buf_1_val_2_U  |Filter2D_k_buf_0_val_1  |        1|  0|   0|   220|    8|     1|         1760|
    |k_buf_1_val_3_U  |Filter2D_k_buf_0_val_1  |        1|  0|   0|   220|    8|     1|         1760|
    |k_buf_2_val_0_U  |Filter2D_k_buf_0_val_1  |        1|  0|   0|   220|    8|     1|         1760|
    |k_buf_2_val_1_U  |Filter2D_k_buf_0_val_1  |        1|  0|   0|   220|    8|     1|         1760|
    |k_buf_2_val_2_U  |Filter2D_k_buf_0_val_1  |        1|  0|   0|   220|    8|     1|         1760|
    |k_buf_2_val_3_U  |Filter2D_k_buf_0_val_1  |        1|  0|   0|   220|    8|     1|         1760|
    +-----------------+------------------------+---------+---+----+------+-----+------+-------------+
    |Total            |                        |       12|  0|   0|  2640|   96|    12|        21120|
    +-----------------+------------------------+---------+---+----+------+-----+------+-------------+

    * FIFO: 
    N/A

    * Expression: 
    +------------------------------------+----------+-------+---+----+------------+------------+
    |            Variable Name           | Operation| DSP48E| FF| LUT| Bitwidth P0| Bitwidth P1|
    +------------------------------------+----------+-------+---+----+------------+------------+
    |r_V_2_0_0_1_fu_1391_p2              |     *    |      0|  0|  41|           7|           8|
    |r_V_2_0_2_fu_2110_p2                |     *    |      0|  0|  41|           8|           8|
    |r_V_2_0_4_3_fu_1884_p2              |     *    |      0|  0|  41|           8|           8|
    |r_V_2_1_0_1_fu_1441_p2              |     *    |      0|  0|  41|           7|           8|
    |r_V_2_1_2_fu_2496_p2                |     *    |      0|  0|  41|           8|           8|
    |r_V_2_1_4_3_fu_1936_p2              |     *    |      0|  0|  41|           8|           8|
    |r_V_2_2_0_1_fu_1467_p2              |     *    |      0|  0|  41|           7|           8|
    |r_V_2_2_2_fu_2605_p2                |     *    |      0|  0|  41|           8|           8|
    |r_V_2_2_4_3_fu_2894_p2              |     *    |      0|  0|  41|           8|           8|
    |tmp_103_0_4_1_cast_c_fu_1615_p2     |     *    |      0|  0|  41|           8|           8|
    |tmp_103_1_4_1_cast_c_fu_1714_p2     |     *    |      0|  0|  41|           8|           8|
    |tmp_103_2_4_1_cast_c_fu_1975_p2     |     *    |      0|  0|  41|           8|           8|
    |i_V_fu_1176_p2                      |     +    |      0|  0|  15|           8|           1|
    |j_V_fu_1512_p2                      |     +    |      0|  0|  15|           8|           1|
    |p_Val2_10_fu_3626_p2                |     +    |      0|  0|  15|           8|           8|
    |p_Val2_2_fu_3286_p2                 |     +    |      0|  0|  15|           8|           8|
    |p_Val2_4_fu_3337_p2                 |     +    |      0|  0|  27|          20|          20|
    |p_Val2_6_fu_3380_p2                 |     +    |      0|  0|  15|           8|           8|
    |p_Val2_8_fu_3583_p2                 |     +    |      0|  0|  27|          20|          20|
    |p_Val2_s_fu_3243_p2                 |     +    |      0|  0|  27|          20|          20|
    |sum_V_0_1_fu_2397_p2                |     +    |      0|  0|  25|          18|          18|
    |sum_V_0_2_fu_2956_p2                |     +    |      0|  0|  19|          19|          19|
    |sum_V_0_4_1_fu_3150_p2              |     +    |      0|  0|  27|          20|          20|
    |sum_V_1_1_fu_2483_p2                |     +    |      0|  0|  25|          18|          18|
    |sum_V_1_2_fu_3060_p2                |     +    |      0|  0|  19|          19|          19|
    |sum_V_1_4_1_fu_3210_p2              |     +    |      0|  0|  27|          20|          20|
    |sum_V_2_1_fu_2829_p2                |     +    |      0|  0|  25|          18|          18|
    |sum_V_2_2_fu_3177_p2                |     +    |      0|  0|  19|          19|          19|
    |sum_V_2_4_1_fu_3234_p2              |     +    |      0|  0|  27|          20|          20|
    |tmp12_fu_2734_p2                    |     +    |      0|  0|  24|          17|          17|
    |tmp13_fu_2947_p2                    |     +    |      0|  0|  19|          19|          19|
    |tmp21_fu_2161_p2                    |     +    |      0|  0|  24|          17|          17|
    |tmp23_fu_3138_p2                    |     +    |      0|  0|  26|          19|          19|
    |tmp28_fu_2968_p2                    |     +    |      0|  0|  24|          17|          17|
    |tmp34_fu_3016_p2                    |     +    |      0|  0|  24|          17|          17|
    |tmp35_fu_3051_p2                    |     +    |      0|  0|  19|          19|          19|
    |tmp39_fu_2547_p2                    |     +    |      0|  0|  24|          17|          17|
    |tmp41_fu_3198_p2                    |     +    |      0|  0|  26|          19|          19|
    |tmp46_fu_3072_p2                    |     +    |      0|  0|  24|          17|          17|
    |tmp52_fu_3120_p2                    |     +    |      0|  0|  24|          17|          17|
    |tmp53_fu_3168_p2                    |     +    |      0|  0|  19|          19|          19|
    |tmp57_fu_2885_p2                    |     +    |      0|  0|  24|          17|          17|
    |tmp59_fu_3222_p2                    |     +    |      0|  0|  26|          19|          19|
    |tmp64_fu_3189_p2                    |     +    |      0|  0|  24|          17|          17|
    |tmp_3_fu_1104_p2                    |     +    |      0|  0|  10|           2|           1|
    |r_V_2_0_0_4_fu_1859_p2              |     -    |      0|  0|  17|           1|          13|
    |r_V_2_0_1_1_fu_2703_p2              |     -    |      0|  0|  23|           1|          16|
    |r_V_2_0_1_3_fu_2724_p2              |     -    |      0|  0|  23|           1|          16|
    |r_V_2_0_3_1_fu_2126_p2              |     -    |      0|  0|  23|           1|          16|
    |r_V_2_0_3_3_fu_2151_p2              |     -    |      0|  0|  23|           1|          16|
    |r_V_2_1_0_4_fu_2212_p2              |     -    |      0|  0|  17|           1|          13|
    |r_V_2_1_1_1_fu_2985_p2              |     -    |      0|  0|  23|           1|          16|
    |r_V_2_1_1_3_fu_3006_p2              |     -    |      0|  0|  23|           1|          16|
    |r_V_2_1_3_1_fu_2512_p2              |     -    |      0|  0|  23|           1|          16|
    |r_V_2_1_3_3_fu_2537_p2              |     -    |      0|  0|  23|           1|          16|
    |r_V_2_2_0_4_fu_2588_p2              |     -    |      0|  0|  17|           1|          13|
    |r_V_2_2_1_1_fu_3089_p2              |     -    |      0|  0|  23|           1|          16|
    |r_V_2_2_1_3_fu_3110_p2              |     -    |      0|  0|  23|           1|          16|
    |r_V_2_2_3_1_fu_2850_p2              |     -    |      0|  0|  23|           1|          16|
    |r_V_2_2_3_3_fu_2875_p2              |     -    |      0|  0|  23|           1|          16|
    |ap_block_pp0_stage1_11001           |    and   |      0|  0|   2|           1|           1|
    |ap_block_state19_pp0_stage0_iter5   |    and   |      0|  0|   2|           1|           1|
    |ap_block_state5_pp0_stage1_iter0    |    and   |      0|  0|   2|           1|           1|
    |ap_block_state6_pp0_stage2_iter0    |    and   |      0|  0|   2|           1|           1|
    |ap_block_state7_pp0_stage0_iter1    |    and   |      0|  0|   2|           1|           1|
    |ap_condition_1272                   |    and   |      0|  0|   2|           1|           1|
    |ap_condition_3296                   |    and   |      0|  0|   2|           1|           1|
    |ap_condition_3300                   |    and   |      0|  0|   2|           1|           1|
    |ap_condition_3303                   |    and   |      0|  0|   2|           1|           1|
    |ap_condition_457                    |    and   |      0|  0|   2|           1|           1|
    |ap_predicate_op218_read_state5      |    and   |      0|  0|   2|           1|           1|
    |brmerge_not_i_i1_fu_3546_p2         |    and   |      0|  0|   2|           1|           1|
    |brmerge_not_i_i2_fu_3716_p2         |    and   |      0|  0|   2|           1|           1|
    |brmerge_not_i_i_fu_3470_p2          |    and   |      0|  0|   2|           1|           1|
    |carry_1_fu_3306_p2                  |    and   |      0|  0|   2|           1|           1|
    |carry_3_fu_3400_p2                  |    and   |      0|  0|   2|           1|           1|
    |carry_5_fu_3646_p2                  |    and   |      0|  0|   2|           1|           1|
    |neg_src_5_fu_3443_p2                |    and   |      0|  0|   2|           1|           1|
    |neg_src_6_fu_3519_p2                |    and   |      0|  0|   2|           1|           1|
    |neg_src_fu_3689_p2                  |    and   |      0|  0|   2|           1|           1|
    |or_cond_i_fu_1222_p2                |    and   |      0|  0|   2|           1|           1|
    |phitmp_demorgan_i_i_1_fu_3509_p2    |    and   |      0|  0|   2|           1|           1|
    |phitmp_demorgan_i_i_2_fu_3679_p2    |    and   |      0|  0|   2|           1|           1|
    |phitmp_demorgan_i_i_fu_3433_p2      |    and   |      0|  0|   2|           1|           1|
    |Range1_all_ones_1_fu_3416_p2        |   icmp   |      0|  0|  11|           8|           2|
    |Range1_all_ones_2_fu_3662_p2        |   icmp   |      0|  0|  11|           8|           2|
    |Range1_all_ones_fu_3322_p2          |   icmp   |      0|  0|  11|           8|           2|
    |Range1_all_zeros_1_fu_3422_p2       |   icmp   |      0|  0|  11|           8|           1|
    |Range1_all_zeros_2_fu_3668_p2       |   icmp   |      0|  0|  11|           8|           1|
    |Range1_all_zeros_fu_3328_p2         |   icmp   |      0|  0|  11|           8|           1|
    |exitcond449_i_fu_1210_p2            |   icmp   |      0|  0|  11|           8|           7|
    |exitcond450_i_fu_1170_p2            |   icmp   |      0|  0|  11|           8|           7|
    |icmp1_fu_1243_p2                    |   icmp   |      0|  0|  11|           7|           1|
    |icmp_fu_1204_p2                     |   icmp   |      0|  0|  11|           7|           1|
    |tmp_4_fu_1110_p2                    |   icmp   |      0|  0|   9|           2|           3|
    |tmp_5_fu_1182_p2                    |   icmp   |      0|  0|  11|           8|           7|
    |tmp_6_fu_1188_p2                    |   icmp   |      0|  0|  11|           8|           1|
    |tmp_8_fu_1216_p2                    |   icmp   |      0|  0|  11|           8|           7|
    |tmp_9_fu_1227_p2                    |   icmp   |      0|  0|  11|           8|           1|
    |ap_block_pp0_stage0_01001           |    or    |      0|  0|   2|           1|           1|
    |ap_block_pp0_stage2_01001           |    or    |      0|  0|   2|           1|           1|
    |ap_block_state18_pp0_stage2_iter4   |    or    |      0|  0|   2|           1|           1|
    |brmerge_i_i1_fu_3552_p2             |    or    |      0|  0|   2|           1|           1|
    |brmerge_i_i2_fu_3722_p2             |    or    |      0|  0|   2|           1|           1|
    |brmerge_i_i_fu_3476_p2              |    or    |      0|  0|   2|           1|           1|
    |or_cond451_i_fu_1249_p2             |    or    |      0|  0|   2|           1|           1|
    |p_110_demorgan_i_i1_fu_3524_p2      |    or    |      0|  0|   2|           1|           1|
    |p_110_demorgan_i_i2_fu_3694_p2      |    or    |      0|  0|   2|           1|           1|
    |p_110_demorgan_i_i_fu_3448_p2       |    or    |      0|  0|   2|           1|           1|
    |p_not_i_i1_fu_3540_p2               |    or    |      0|  0|   2|           1|           1|
    |p_not_i_i2_fu_3710_p2               |    or    |      0|  0|   2|           1|           1|
    |p_not_i_i_fu_3464_p2                |    or    |      0|  0|   2|           1|           1|
    |col_buf_0_val_0_0_1_fu_1554_p3      |  select  |      0|  0|   8|           1|           8|
    |col_buf_1_val_0_0_1_fu_1893_p3      |  select  |      0|  0|   8|           1|           8|
    |col_buf_2_val_0_0_1_fu_2241_p3      |  select  |      0|  0|   8|           1|           8|
    |col_buf_val_0_0_0_3_fu_1542_p3      |  select  |      0|  0|   8|           1|           8|
    |col_buf_val_0_0_1_1_fu_1536_p3      |  select  |      0|  0|   8|           1|           8|
    |col_buf_val_0_0_2_1_fu_1530_p3      |  select  |      0|  0|   8|           1|           8|
    |col_buf_val_0_0_3_1_fu_1524_p3      |  select  |      0|  0|   8|           1|           8|
    |col_buf_val_0_0_4_1_fu_1518_p3      |  select  |      0|  0|   8|           1|           8|
    |col_buf_val_1_0_0_3_fu_1644_p3      |  select  |      0|  0|   8|           1|           8|
    |col_buf_val_1_0_1_1_fu_1638_p3      |  select  |      0|  0|   8|           1|           8|
    |col_buf_val_1_0_2_1_fu_1632_p3      |  select  |      0|  0|   8|           1|           8|
    |col_buf_val_1_0_3_1_fu_1626_p3      |  select  |      0|  0|   8|           1|           8|
    |col_buf_val_1_0_4_1_fu_1620_p3      |  select  |      0|  0|   8|           1|           8|
    |col_buf_val_2_0_0_3_fu_1746_p3      |  select  |      0|  0|   8|           1|           8|
    |col_buf_val_2_0_1_1_fu_1740_p3      |  select  |      0|  0|   8|           1|           8|
    |col_buf_val_2_0_2_1_fu_1734_p3      |  select  |      0|  0|   8|           1|           8|
    |col_buf_val_2_0_3_1_fu_1728_p3      |  select  |      0|  0|   8|           1|           8|
    |col_buf_val_2_0_4_1_fu_1722_p3      |  select  |      0|  0|   8|           1|           8|
    |deleted_zeros_1_fu_3504_p3          |  select  |      0|  0|   2|           1|           1|
    |deleted_zeros_2_fu_3674_p3          |  select  |      0|  0|   2|           1|           1|
    |deleted_zeros_fu_3428_p3            |  select  |      0|  0|   2|           1|           1|
    |p_Val2_12_fu_3496_p3                |  select  |      0|  0|   8|           1|           8|
    |p_Val2_13_fu_3572_p3                |  select  |      0|  0|   8|           1|           8|
    |p_Val2_14_fu_3742_p3                |  select  |      0|  0|   8|           1|           8|
    |p_i_i1_fu_3565_p3                   |  select  |      0|  0|   8|           1|           1|
    |p_i_i2_fu_3735_p3                   |  select  |      0|  0|   8|           1|           1|
    |p_i_i_fu_3489_p3                    |  select  |      0|  0|   8|           1|           1|
    |p_mux_i_i1_fu_3558_p3               |  select  |      0|  0|   8|           1|           8|
    |p_mux_i_i2_fu_3728_p3               |  select  |      0|  0|   8|           1|           8|
    |p_mux_i_i_fu_3482_p3                |  select  |      0|  0|   8|           1|           8|
    |p_src_kernel_win_val_10_fu_1587_p3  |  select  |      0|  0|   8|           1|           1|
    |p_src_kernel_win_val_11_fu_1374_p3  |  select  |      0|  0|   8|           1|           1|
    |p_src_kernel_win_val_12_fu_1823_p3  |  select  |      0|  0|   8|           1|           1|
    |p_src_kernel_win_val_13_fu_2089_p3  |  select  |      0|  0|   8|           1|           1|
    |p_src_kernel_win_val_14_fu_1830_p3  |  select  |      0|  0|   8|           1|           1|
    |p_src_kernel_win_val_15_fu_2096_p3  |  select  |      0|  0|   8|           1|           1|
    |p_src_kernel_win_val_16_fu_1381_p3  |  select  |      0|  0|   8|           1|           1|
    |p_src_kernel_win_val_17_fu_1837_p3  |  select  |      0|  0|   8|           1|           1|
    |p_src_kernel_win_val_18_fu_1594_p3  |  select  |      0|  0|   8|           1|           1|
    |p_src_kernel_win_val_19_fu_1302_p3  |  select  |      0|  0|   8|           1|           1|
    |p_src_kernel_win_val_1_fu_1284_p3   |  select  |      0|  0|   8|           1|           1|
    |p_src_kernel_win_val_20_fu_1310_p3  |  select  |      0|  0|   8|           1|           1|
    |p_src_kernel_win_val_21_fu_1417_p3  |  select  |      0|  0|   8|           1|           1|
    |p_src_kernel_win_val_22_fu_1668_p3  |  select  |      0|  0|   8|           1|           1|
    |p_src_kernel_win_val_23_fu_1675_p3  |  select  |      0|  0|   8|           1|           1|
    |p_src_kernel_win_val_24_fu_2179_p3  |  select  |      0|  0|   8|           1|           1|
    |p_src_kernel_win_val_25_fu_2435_p3  |  select  |      0|  0|   8|           1|           1|
    |p_src_kernel_win_val_26_fu_2442_p3  |  select  |      0|  0|   8|           1|           1|
    |p_src_kernel_win_val_27_fu_2186_p3  |  select  |      0|  0|   8|           1|           1|
    |p_src_kernel_win_val_28_fu_2449_p3  |  select  |      0|  0|   8|           1|           1|
    |p_src_kernel_win_val_29_fu_2456_p3  |  select  |      0|  0|   8|           1|           1|
    |p_src_kernel_win_val_2_fu_1360_p3   |  select  |      0|  0|   8|           1|           1|
    |p_src_kernel_win_val_30_fu_1682_p3  |  select  |      0|  0|   8|           1|           1|
    |p_src_kernel_win_val_31_fu_1424_p3  |  select  |      0|  0|   8|           1|           1|
    |p_src_kernel_win_val_32_fu_1916_p3  |  select  |      0|  0|   8|           1|           1|
    |p_src_kernel_win_val_33_fu_2463_p3  |  select  |      0|  0|   8|           1|           1|
    |p_src_kernel_win_val_34_fu_2193_p3  |  select  |      0|  0|   8|           1|           1|
    |p_src_kernel_win_val_35_fu_2470_p3  |  select  |      0|  0|   8|           1|           1|
    |p_src_kernel_win_val_36_fu_1431_p3  |  select  |      0|  0|   8|           1|           1|
    |p_src_kernel_win_val_37_fu_1923_p3  |  select  |      0|  0|   8|           1|           1|
    |p_src_kernel_win_val_38_fu_1689_p3  |  select  |      0|  0|   8|           1|           1|
    |p_src_kernel_win_val_39_fu_1328_p3  |  select  |      0|  0|   8|           1|           1|
    |p_src_kernel_win_val_3_fu_1367_p3   |  select  |      0|  0|   8|           1|           1|
    |p_src_kernel_win_val_40_fu_1336_p3  |  select  |      0|  0|   8|           1|           1|
    |p_src_kernel_win_val_41_fu_1457_p3  |  select  |      0|  0|   8|           1|           1|
    |p_src_kernel_win_val_42_fu_1947_p3  |  select  |      0|  0|   8|           1|           1|
    |p_src_kernel_win_val_43_fu_1767_p3  |  select  |      0|  0|   8|           1|           1|
    |p_src_kernel_win_val_44_fu_2271_p3  |  select  |      0|  0|   8|           1|           1|
    |p_src_kernel_win_val_45_fu_2781_p3  |  select  |      0|  0|   8|           1|           1|
    |p_src_kernel_win_val_46_fu_2788_p3  |  select  |      0|  0|   8|           1|           1|
    |p_src_kernel_win_val_47_fu_2278_p3  |  select  |      0|  0|   8|           1|           1|
    |p_src_kernel_win_val_48_fu_2795_p3  |  select  |      0|  0|   8|           1|           1|
    |p_src_kernel_win_val_49_fu_2802_p3  |  select  |      0|  0|   8|           1|           1|
    |p_src_kernel_win_val_4_fu_1580_p3   |  select  |      0|  0|   8|           1|           1|
    |p_src_kernel_win_val_50_fu_1954_p3  |  select  |      0|  0|   8|           1|           1|
    |p_src_kernel_win_val_51_fu_1774_p3  |  select  |      0|  0|   8|           1|           1|
    |p_src_kernel_win_val_52_fu_2285_p3  |  select  |      0|  0|   8|           1|           1|
    |p_src_kernel_win_val_53_fu_2809_p3  |  select  |      0|  0|   8|           1|           1|
    |p_src_kernel_win_val_54_fu_2562_p3  |  select  |      0|  0|   8|           1|           1|
    |p_src_kernel_win_val_55_fu_2816_p3  |  select  |      0|  0|   8|           1|           1|
    |p_src_kernel_win_val_56_fu_1781_p3  |  select  |      0|  0|   8|           1|           1|
    |p_src_kernel_win_val_57_fu_2292_p3  |  select  |      0|  0|   8|           1|           1|
    |p_src_kernel_win_val_58_fu_2569_p3  |  select  |      0|  0|   8|           1|           1|
    |p_src_kernel_win_val_59_fu_2082_p3  |  select  |      0|  0|   8|           1|           1|
    |p_src_kernel_win_val_5_fu_2054_p3   |  select  |      0|  0|   8|           1|           1|
    |p_src_kernel_win_val_6_fu_2061_p3   |  select  |      0|  0|   8|           1|           1|
    |p_src_kernel_win_val_7_fu_2068_p3   |  select  |      0|  0|   8|           1|           1|
    |p_src_kernel_win_val_8_fu_1816_p3   |  select  |      0|  0|   8|           1|           1|
    |p_src_kernel_win_val_9_fu_2075_p3   |  select  |      0|  0|   8|           1|           1|
    |p_src_kernel_win_val_s_fu_1276_p3   |  select  |      0|  0|   8|           1|           1|
    |ap_enable_pp0                       |    xor   |      0|  0|   2|           1|           2|
    |ap_enable_reg_pp0_iter1             |    xor   |      0|  0|   2|           2|           1|
    |overflow_1_fu_3529_p2               |    xor   |      0|  0|   2|           1|           2|
    |overflow_2_fu_3699_p2               |    xor   |      0|  0|   2|           1|           2|
    |overflow_fu_3453_p2                 |    xor   |      0|  0|   2|           1|           2|
    |p_Result_not_i1_fu_3535_p2          |    xor   |      0|  0|   2|           1|           2|
    |p_Result_not_i2_fu_3705_p2          |    xor   |      0|  0|   2|           1|           2|
    |p_Result_not_i_fu_3459_p2           |    xor   |      0|  0|   2|           1|           2|
    |phitmp_i_i1_fu_3513_p2              |    xor   |      0|  0|   2|           1|           2|
    |phitmp_i_i2_fu_3683_p2              |    xor   |      0|  0|   2|           1|           2|
    |phitmp_i_i_fu_3437_p2               |    xor   |      0|  0|   2|           1|           2|
    |rev1_fu_3394_p2                     |    xor   |      0|  0|   2|           1|           2|
    |rev2_fu_3640_p2                     |    xor   |      0|  0|   2|           1|           2|
    |rev_fu_3300_p2                      |    xor   |      0|  0|   2|           1|           2|
    +------------------------------------+----------+-------+---+----+------------+------------+
    |Total                               |          |      0|  0|2516|         902|        1218|
    +------------------------------------+----------+-------+---+----+------------+------------+

    * Multiplexer: 
    +------------------------------------------------------+----+-----------+-----+-----------+
    |                         Name                         | LUT| Input Size| Bits| Total Bits|
    +------------------------------------------------------+----+-----------+-----+-----------+
    |ap_NS_fsm                                             |  41|          8|    1|          8|
    |ap_enable_reg_pp0_iter1                               |   9|          2|    1|          2|
    |ap_enable_reg_pp0_iter5                               |   9|          2|    1|          2|
    |ap_phi_mux_col_buf_0_val_0_0_phi_fu_869_p4            |   9|          2|    8|         16|
    |ap_phi_mux_col_buf_1_val_0_0_phi_fu_946_p4            |   9|          2|    8|         16|
    |ap_phi_mux_col_buf_2_val_0_0_phi_fu_1024_p4           |   9|          2|    8|         16|
    |ap_phi_mux_p_0_6_i_2_phi_fu_1035_p6                   |  15|          3|    8|         24|
    |ap_phi_mux_t_V_2_phi_fu_858_p4                        |   9|          2|    8|         16|
    |ap_phi_reg_pp0_iter1_col_buf_1_val_0_0_reg_943        |   9|          2|    8|         16|
    |ap_phi_reg_pp0_iter1_col_buf_2_val_0_0_reg_1021       |   9|          2|    8|         16|
    |ap_phi_reg_pp0_iter1_p_0_6_i_1_reg_1008               |  15|          3|    8|         24|
    |ap_phi_reg_pp0_iter1_p_0_6_i_reg_930                  |  15|          3|    8|         24|
    |ap_phi_reg_pp0_iter1_src_kernel_win_0_va_21_reg_877   |  15|          3|    8|         24|
    |ap_phi_reg_pp0_iter1_src_kernel_win_0_va_22_reg_890   |  15|          3|    8|         24|
    |ap_phi_reg_pp0_iter1_src_kernel_win_0_va_23_reg_904   |  15|          3|    8|         24|
    |ap_phi_reg_pp0_iter1_src_kernel_win_0_va_24_reg_917   |  15|          3|    8|         24|
    |ap_phi_reg_pp0_iter1_src_kernel_win_1_va_21_reg_955   |  15|          3|    8|         24|
    |ap_phi_reg_pp0_iter1_src_kernel_win_1_va_22_reg_968   |  15|          3|    8|         24|
    |ap_phi_reg_pp0_iter1_src_kernel_win_1_va_23_reg_982   |  15|          3|    8|         24|
    |ap_phi_reg_pp0_iter1_src_kernel_win_1_va_24_reg_995   |  15|          3|    8|         24|
    |ap_phi_reg_pp0_iter1_src_kernel_win_2_va_21_reg_1045  |  15|          3|    8|         24|
    |ap_phi_reg_pp0_iter1_src_kernel_win_2_va_22_reg_1058  |  15|          3|    8|         24|
    |ap_phi_reg_pp0_iter1_src_kernel_win_2_va_23_reg_1072  |  15|          3|    8|         24|
    |ap_phi_reg_pp0_iter1_src_kernel_win_2_va_24_reg_1085  |  15|          3|    8|         24|
    |k_buf_0_val_0_address0                                |  15|          3|    8|         24|
    |k_buf_0_val_1_address0                                |  15|          3|    8|         24|
    |k_buf_0_val_1_d0                                      |  15|          3|    8|         24|
    |k_buf_0_val_2_address0                                |  15|          3|    8|         24|
    |k_buf_0_val_2_d0                                      |  15|          3|    8|         24|
    |k_buf_0_val_3_address0                                |  15|          3|    8|         24|
    |k_buf_0_val_3_d0                                      |  15|          3|    8|         24|
    |k_buf_1_val_0_address0                                |  15|          3|    8|         24|
    |k_buf_1_val_1_address0                                |  15|          3|    8|         24|
    |k_buf_1_val_1_d0                                      |  15|          3|    8|         24|
    |k_buf_1_val_2_address0                                |  15|          3|    8|         24|
    |k_buf_1_val_2_d0                                      |  15|          3|    8|         24|
    |k_buf_1_val_3_address0                                |  15|          3|    8|         24|
    |k_buf_1_val_3_d0                                      |  15|          3|    8|         24|
    |k_buf_2_val_0_address0                                |  15|          3|    8|         24|
    |k_buf_2_val_0_d0                                      |  15|          3|    8|         24|
    |k_buf_2_val_1_address0                                |  15|          3|    8|         24|
    |k_buf_2_val_1_d0                                      |  15|          3|    8|         24|
    |k_buf_2_val_2_address0                                |  15|          3|    8|         24|
    |k_buf_2_val_2_d0                                      |  15|          3|    8|         24|
    |k_buf_2_val_3_address0                                |  15|          3|    8|         24|
    |k_buf_2_val_3_d0                                      |  15|          3|    8|         24|
    |p_dst_data_stream_0_V_blk_n                           |   9|          2|    1|          2|
    |p_dst_data_stream_1_V_blk_n                           |   9|          2|    1|          2|
    |p_dst_data_stream_2_V_blk_n                           |   9|          2|    1|          2|
    |p_src_data_stream_0_V_blk_n                           |   9|          2|    1|          2|
    |p_src_data_stream_1_V_blk_n                           |   9|          2|    1|          2|
    |p_src_data_stream_2_V_blk_n                           |   9|          2|    1|          2|
    |src_kernel_win_0_va_20_fu_512                         |  15|          3|    8|         24|
    |src_kernel_win_1_va_20_fu_516                         |  15|          3|    8|         24|
    |src_kernel_win_2_va_20_fu_520                         |  15|          3|    8|         24|
    |t_V_2_reg_854                                         |   9|          2|    8|         16|
    |t_V_reg_843                                           |   9|          2|    8|         16|
    |tmp_2_reg_832                                         |   9|          2|    2|          4|
    +------------------------------------------------------+----+-----------+-----+-----------+
    |Total                                                 | 794|        162|  395|       1116|
    +------------------------------------------------------+----+-----------+-----+-----------+

    * Register: 
    +------------------------------------------------------+----+----+-----+-----------+
    |                         Name                         | FF | LUT| Bits| Const Bits|
    +------------------------------------------------------+----+----+-----+-----------+
    |Range1_all_ones_1_reg_5801                            |   1|   0|    1|          0|
    |Range1_all_ones_2_reg_5846                            |   1|   0|    1|          0|
    |Range1_all_ones_reg_5771                              |   1|   0|    1|          0|
    |Range1_all_zeros_1_reg_5807                           |   1|   0|    1|          0|
    |Range1_all_zeros_2_reg_5852                           |   1|   0|    1|          0|
    |Range1_all_zeros_reg_5777                             |   1|   0|    1|          0|
    |ap_CS_fsm                                             |   7|   0|    7|          0|
    |ap_enable_reg_pp0_iter0                               |   1|   0|    1|          0|
    |ap_enable_reg_pp0_iter1                               |   1|   0|    1|          0|
    |ap_enable_reg_pp0_iter2                               |   1|   0|    1|          0|
    |ap_enable_reg_pp0_iter3                               |   1|   0|    1|          0|
    |ap_enable_reg_pp0_iter4                               |   1|   0|    1|          0|
    |ap_enable_reg_pp0_iter5                               |   1|   0|    1|          0|
    |ap_phi_reg_pp0_iter0_col_buf_0_val_0_0_reg_866        |   8|   0|    8|          0|
    |ap_phi_reg_pp0_iter1_col_buf_1_val_0_0_reg_943        |   8|   0|    8|          0|
    |ap_phi_reg_pp0_iter1_col_buf_2_val_0_0_reg_1021       |   8|   0|    8|          0|
    |ap_phi_reg_pp0_iter1_p_0_6_i_1_reg_1008               |   8|   0|    8|          0|
    |ap_phi_reg_pp0_iter1_p_0_6_i_reg_930                  |   8|   0|    8|          0|
    |ap_phi_reg_pp0_iter1_src_kernel_win_0_va_21_reg_877   |   8|   0|    8|          0|
    |ap_phi_reg_pp0_iter1_src_kernel_win_0_va_22_reg_890   |   8|   0|    8|          0|
    |ap_phi_reg_pp0_iter1_src_kernel_win_0_va_23_reg_904   |   8|   0|    8|          0|
    |ap_phi_reg_pp0_iter1_src_kernel_win_0_va_24_reg_917   |   8|   0|    8|          0|
    |ap_phi_reg_pp0_iter1_src_kernel_win_1_va_21_reg_955   |   8|   0|    8|          0|
    |ap_phi_reg_pp0_iter1_src_kernel_win_1_va_22_reg_968   |   8|   0|    8|          0|
    |ap_phi_reg_pp0_iter1_src_kernel_win_1_va_23_reg_982   |   8|   0|    8|          0|
    |ap_phi_reg_pp0_iter1_src_kernel_win_1_va_24_reg_995   |   8|   0|    8|          0|
    |ap_phi_reg_pp0_iter1_src_kernel_win_2_va_21_reg_1045  |   8|   0|    8|          0|
    |ap_phi_reg_pp0_iter1_src_kernel_win_2_va_22_reg_1058  |   8|   0|    8|          0|
    |ap_phi_reg_pp0_iter1_src_kernel_win_2_va_23_reg_1072  |   8|   0|    8|          0|
    |ap_phi_reg_pp0_iter1_src_kernel_win_2_va_24_reg_1085  |   8|   0|    8|          0|
    |carry_1_reg_5765                                      |   1|   0|    1|          0|
    |carry_3_reg_5795                                      |   1|   0|    1|          0|
    |carry_5_reg_5840                                      |   1|   0|    1|          0|
    |col_buf_0_val_0_0_1_reg_5011                          |   8|   0|    8|          0|
    |col_buf_0_val_0_1_reg_4873                            |   8|   0|    8|          0|
    |col_buf_0_val_0_2_reg_4867                            |   8|   0|    8|          0|
    |col_buf_0_val_0_3_reg_4861                            |   8|   0|    8|          0|
    |col_buf_0_val_0_4_reg_4856                            |   8|   0|    8|          0|
    |col_buf_1_val_0_0_1_reg_5219                          |   8|   0|    8|          0|
    |col_buf_1_val_0_1_reg_4922                            |   8|   0|    8|          0|
    |col_buf_1_val_0_2_reg_4916                            |   8|   0|    8|          0|
    |col_buf_1_val_0_3_reg_4910                            |   8|   0|    8|          0|
    |col_buf_1_val_0_4_reg_4905                            |   8|   0|    8|          0|
    |col_buf_2_val_0_0_1_reg_5381                          |   8|   0|    8|          0|
    |col_buf_2_val_0_0_2_fu_268                            |   8|   0|    8|          0|
    |col_buf_2_val_0_1_reg_4966                            |   8|   0|    8|          0|
    |col_buf_2_val_0_2_reg_4960                            |   8|   0|    8|          0|
    |col_buf_2_val_0_3_reg_4954                            |   8|   0|    8|          0|
    |col_buf_2_val_0_4_reg_4949                            |   8|   0|    8|          0|
    |col_buf_val_1_0_1_1_reg_5071                          |   8|   0|    8|          0|
    |col_buf_val_1_0_2_1_reg_5065                          |   8|   0|    8|          0|
    |col_buf_val_1_0_3_1_reg_5059                          |   8|   0|    8|          0|
    |col_buf_val_1_0_4_1_reg_5053                          |   8|   0|    8|          0|
    |col_buf_val_2_0_1_1_reg_5131                          |   8|   0|    8|          0|
    |col_buf_val_2_0_2_1_reg_5125                          |   8|   0|    8|          0|
    |col_buf_val_2_0_3_1_reg_5119                          |   8|   0|    8|          0|
    |col_buf_val_2_0_4_1_reg_5113                          |   8|   0|    8|          0|
    |exitcond449_i_reg_4667                                |   1|   0|    1|          0|
    |i_V_reg_4645                                          |   8|   0|    8|          0|
    |icmp_reg_4662                                         |   1|   0|    1|          0|
    |j_V_reg_4982                                          |   8|   0|    8|          0|
    |k_buf_0_val_0_addr_reg_4771                           |   8|   0|    8|          0|
    |k_buf_0_val_1_addr_reg_4766                           |   8|   0|    8|          0|
    |k_buf_0_val_2_addr_reg_4761                           |   8|   0|    8|          0|
    |k_buf_0_val_3_addr_reg_4756                           |   8|   0|    8|          0|
    |k_buf_1_val_0_addr_reg_4803                           |   8|   0|    8|          0|
    |k_buf_1_val_0_addr_reg_4803_pp0_iter1_reg             |   8|   0|    8|          0|
    |k_buf_1_val_1_addr_reg_4798                           |   8|   0|    8|          0|
    |k_buf_1_val_2_addr_reg_4793                           |   8|   0|    8|          0|
    |k_buf_1_val_3_addr_reg_4788                           |   8|   0|    8|          0|
    |k_buf_2_val_0_addr_reg_4835                           |   8|   0|    8|          0|
    |k_buf_2_val_0_addr_reg_4835_pp0_iter1_reg             |   8|   0|    8|          0|
    |k_buf_2_val_1_addr_reg_4830                           |   8|   0|    8|          0|
    |k_buf_2_val_2_addr_reg_4825                           |   8|   0|    8|          0|
    |k_buf_2_val_3_addr_reg_4820                           |   8|   0|    8|          0|
    |or_cond451_i_reg_4752                                 |   1|   0|    1|          0|
    |or_cond_i_reg_4690                                    |   1|   0|    1|          0|
    |p_Result_2_reg_5782                                   |   1|   0|    1|          0|
    |p_Result_4_reg_5827                                   |   1|   0|    1|          0|
    |p_Result_s_reg_5752                                   |   1|   0|    1|          0|
    |p_Val2_10_reg_5834                                    |   8|   0|    8|          0|
    |p_Val2_12_reg_5817                                    |   8|   0|    8|          0|
    |p_Val2_13_reg_5822                                    |   8|   0|    8|          0|
    |p_Val2_14_reg_5857                                    |   8|   0|    8|          0|
    |p_Val2_2_reg_5759                                     |   8|   0|    8|          0|
    |p_Val2_6_reg_5789                                     |   8|   0|    8|          0|
    |p_src_kernel_win_val_10_reg_5017                      |   8|   0|    8|          0|
    |p_src_kernel_win_val_12_reg_5163                      |   8|   0|    8|          0|
    |p_src_kernel_win_val_14_reg_5168                      |   8|   0|    8|          0|
    |p_src_kernel_win_val_15_reg_5295                      |   8|   0|    8|          0|
    |p_src_kernel_win_val_16_reg_4879                      |   8|   0|    8|          0|
    |p_src_kernel_win_val_17_reg_5174                      |   8|   0|    8|          0|
    |p_src_kernel_win_val_17_reg_5174_pp0_iter2_reg        |   8|   0|    8|          0|
    |p_src_kernel_win_val_18_reg_5022                      |   8|   0|    8|          0|
    |p_src_kernel_win_val_1_reg_4777                       |   8|   0|    8|          0|
    |p_src_kernel_win_val_20_reg_4809                      |   8|   0|    8|          0|
    |p_src_kernel_win_val_24_reg_5330                      |   8|   0|    8|          0|
    |p_src_kernel_win_val_26_reg_5441                      |   8|   0|    8|          0|
    |p_src_kernel_win_val_27_reg_5335                      |   8|   0|    8|          0|
    |p_src_kernel_win_val_28_reg_5446                      |   8|   0|    8|          0|
    |p_src_kernel_win_val_30_reg_5077                      |   8|   0|    8|          0|
    |p_src_kernel_win_val_32_reg_5225                      |   8|   0|    8|          0|
    |p_src_kernel_win_val_34_reg_5340                      |   8|   0|    8|          0|
    |p_src_kernel_win_val_35_reg_5451                      |   8|   0|    8|          0|
    |p_src_kernel_win_val_36_reg_4928                      |   8|   0|    8|          0|
    |p_src_kernel_win_val_36_reg_4928_pp0_iter1_reg        |   8|   0|    8|          0|
    |p_src_kernel_win_val_37_reg_5230                      |   8|   0|    8|          0|
    |p_src_kernel_win_val_37_reg_5230_pp0_iter2_reg        |   8|   0|    8|          0|
    |p_src_kernel_win_val_38_reg_5082                      |   8|   0|    8|          0|
    |p_src_kernel_win_val_40_reg_4840                      |   8|   0|    8|          0|
    |p_src_kernel_win_val_44_reg_5386                      |   8|   0|    8|          0|
    |p_src_kernel_win_val_44_reg_5386_pp0_iter2_reg        |   8|   0|    8|          0|
    |p_src_kernel_win_val_46_reg_5567                      |   8|   0|    8|          0|
    |p_src_kernel_win_val_47_reg_5391                      |   8|   0|    8|          0|
    |p_src_kernel_win_val_48_reg_5572                      |   8|   0|    8|          0|
    |p_src_kernel_win_val_50_reg_5255                      |   8|   0|    8|          0|
    |p_src_kernel_win_val_52_reg_5396                      |   8|   0|    8|          0|
    |p_src_kernel_win_val_54_reg_5481                      |   8|   0|    8|          0|
    |p_src_kernel_win_val_55_reg_5577                      |   8|   0|    8|          0|
    |p_src_kernel_win_val_56_reg_5137                      |   8|   0|    8|          0|
    |p_src_kernel_win_val_56_reg_5137_pp0_iter1_reg        |   8|   0|    8|          0|
    |p_src_kernel_win_val_57_reg_5401                      |   8|   0|    8|          0|
    |p_src_kernel_win_val_57_reg_5401_pp0_iter2_reg        |   8|   0|    8|          0|
    |p_src_kernel_win_val_58_reg_5487                      |   8|   0|    8|          0|
    |p_src_kernel_win_val_5_reg_5280                       |   8|   0|    8|          0|
    |p_src_kernel_win_val_7_reg_5285                       |   8|   0|    8|          0|
    |p_src_kernel_win_val_8_reg_5158                       |   8|   0|    8|          0|
    |p_src_kernel_win_val_9_reg_5290                       |   8|   0|    8|          0|
    |r_V_2_0_0_1_reg_4885                                  |  15|   0|   15|          0|
    |r_V_2_0_2_reg_5310                                    |  16|   0|   16|          0|
    |r_V_2_0_4_3_reg_5209                                  |  16|   0|   16|          0|
    |r_V_2_1_0_1_reg_4934                                  |  15|   0|   15|          0|
    |r_V_2_1_2_reg_5466                                    |  16|   0|   16|          0|
    |r_V_2_1_4_3_reg_5245                                  |  16|   0|   16|          0|
    |r_V_2_2_0_1_reg_4972                                  |  15|   0|   15|          0|
    |r_V_2_2_2_reg_5502                                    |  16|   0|   16|          0|
    |r_V_2_2_4_3_reg_5602                                  |  16|   0|   16|          0|
    |src_kernel_win_0_va_10_fu_312                         |   8|   0|    8|          0|
    |src_kernel_win_0_va_11_fu_316                         |   8|   0|    8|          0|
    |src_kernel_win_0_va_12_fu_320                         |   8|   0|    8|          0|
    |src_kernel_win_0_va_13_fu_324                         |   8|   0|    8|          0|
    |src_kernel_win_0_va_14_fu_328                         |   8|   0|    8|          0|
    |src_kernel_win_0_va_15_fu_332                         |   8|   0|    8|          0|
    |src_kernel_win_0_va_16_fu_336                         |   8|   0|    8|          0|
    |src_kernel_win_0_va_17_fu_340                         |   8|   0|    8|          0|
    |src_kernel_win_0_va_18_fu_344                         |   8|   0|    8|          0|
    |src_kernel_win_0_va_19_fu_348                         |   8|   0|    8|          0|
    |src_kernel_win_0_va_1_fu_276                          |   8|   0|    8|          0|
    |src_kernel_win_0_va_20_fu_512                         |   8|   0|    8|          0|
    |src_kernel_win_0_va_22_reg_890                        |   8|   0|    8|          0|
    |src_kernel_win_0_va_2_fu_280                          |   8|   0|    8|          0|
    |src_kernel_win_0_va_3_fu_284                          |   8|   0|    8|          0|
    |src_kernel_win_0_va_4_fu_288                          |   8|   0|    8|          0|
    |src_kernel_win_0_va_5_fu_292                          |   8|   0|    8|          0|
    |src_kernel_win_0_va_6_fu_296                          |   8|   0|    8|          0|
    |src_kernel_win_0_va_7_fu_300                          |   8|   0|    8|          0|
    |src_kernel_win_0_va_8_fu_304                          |   8|   0|    8|          0|
    |src_kernel_win_0_va_9_fu_308                          |   8|   0|    8|          0|
    |src_kernel_win_0_va_fu_272                            |   8|   0|    8|          0|
    |src_kernel_win_1_va_10_fu_392                         |   8|   0|    8|          0|
    |src_kernel_win_1_va_11_fu_396                         |   8|   0|    8|          0|
    |src_kernel_win_1_va_12_fu_400                         |   8|   0|    8|          0|
    |src_kernel_win_1_va_13_fu_404                         |   8|   0|    8|          0|
    |src_kernel_win_1_va_14_fu_408                         |   8|   0|    8|          0|
    |src_kernel_win_1_va_15_fu_412                         |   8|   0|    8|          0|
    |src_kernel_win_1_va_16_fu_416                         |   8|   0|    8|          0|
    |src_kernel_win_1_va_17_fu_420                         |   8|   0|    8|          0|
    |src_kernel_win_1_va_18_fu_424                         |   8|   0|    8|          0|
    |src_kernel_win_1_va_19_fu_428                         |   8|   0|    8|          0|
    |src_kernel_win_1_va_1_fu_356                          |   8|   0|    8|          0|
    |src_kernel_win_1_va_20_fu_516                         |   8|   0|    8|          0|
    |src_kernel_win_1_va_22_reg_968                        |   8|   0|    8|          0|
    |src_kernel_win_1_va_2_fu_360                          |   8|   0|    8|          0|
    |src_kernel_win_1_va_3_fu_364                          |   8|   0|    8|          0|
    |src_kernel_win_1_va_4_fu_368                          |   8|   0|    8|          0|
    |src_kernel_win_1_va_5_fu_372                          |   8|   0|    8|          0|
    |src_kernel_win_1_va_6_fu_376                          |   8|   0|    8|          0|
    |src_kernel_win_1_va_7_fu_380                          |   8|   0|    8|          0|
    |src_kernel_win_1_va_8_fu_384                          |   8|   0|    8|          0|
    |src_kernel_win_1_va_9_fu_388                          |   8|   0|    8|          0|
    |src_kernel_win_1_va_fu_352                            |   8|   0|    8|          0|
    |src_kernel_win_2_va_10_fu_472                         |   8|   0|    8|          0|
    |src_kernel_win_2_va_11_fu_476                         |   8|   0|    8|          0|
    |src_kernel_win_2_va_12_fu_480                         |   8|   0|    8|          0|
    |src_kernel_win_2_va_13_fu_484                         |   8|   0|    8|          0|
    |src_kernel_win_2_va_14_fu_488                         |   8|   0|    8|          0|
    |src_kernel_win_2_va_15_fu_492                         |   8|   0|    8|          0|
    |src_kernel_win_2_va_16_fu_496                         |   8|   0|    8|          0|
    |src_kernel_win_2_va_17_fu_500                         |   8|   0|    8|          0|
    |src_kernel_win_2_va_18_fu_504                         |   8|   0|    8|          0|
    |src_kernel_win_2_va_19_fu_508                         |   8|   0|    8|          0|
    |src_kernel_win_2_va_1_fu_436                          |   8|   0|    8|          0|
    |src_kernel_win_2_va_20_fu_520                         |   8|   0|    8|          0|
    |src_kernel_win_2_va_22_reg_1058                       |   8|   0|    8|          0|
    |src_kernel_win_2_va_2_fu_440                          |   8|   0|    8|          0|
    |src_kernel_win_2_va_3_fu_444                          |   8|   0|    8|          0|
    |src_kernel_win_2_va_4_fu_448                          |   8|   0|    8|          0|
    |src_kernel_win_2_va_5_fu_452                          |   8|   0|    8|          0|
    |src_kernel_win_2_va_6_fu_456                          |   8|   0|    8|          0|
    |src_kernel_win_2_va_7_fu_460                          |   8|   0|    8|          0|
    |src_kernel_win_2_va_8_fu_464                          |   8|   0|    8|          0|
    |src_kernel_win_2_va_9_fu_468                          |   8|   0|    8|          0|
    |src_kernel_win_2_va_fu_432                            |   8|   0|    8|          0|
    |sum_V_0_0_1_reg_5028                                  |  16|   0|   16|          0|
    |sum_V_0_0_2_reg_5179                                  |  17|   0|   17|          0|
    |sum_V_0_1_reg_5416                                    |  18|   0|   18|          0|
    |sum_V_0_2_reg_5607                                    |  19|   0|   19|          0|
    |sum_V_0_4_1_reg_5692                                  |  20|   0|   20|          0|
    |sum_V_1_0_1_reg_5088                                  |  16|   0|   16|          0|
    |sum_V_1_0_2_reg_5235                                  |  17|   0|   17|          0|
    |sum_V_1_1_reg_5456                                    |  18|   0|   18|          0|
    |sum_V_1_2_reg_5662                                    |  19|   0|   19|          0|
    |sum_V_1_4_1_reg_5722                                  |  20|   0|   20|          0|
    |sum_V_2_0_1_reg_5143                                  |  16|   0|   16|          0|
    |sum_V_2_0_2_reg_5260                                  |  17|   0|   17|          0|
    |sum_V_2_1_reg_5582                                    |  18|   0|   18|          0|
    |sum_V_2_2_reg_5712                                    |  19|   0|   19|          0|
    |sum_V_2_4_1_reg_5747                                  |  20|   0|   20|          0|
    |t_V_2_reg_854                                         |   8|   0|    8|          0|
    |t_V_reg_843                                           |   8|   0|    8|          0|
    |tmp10_reg_5300                                        |  17|   0|   17|          0|
    |tmp11_reg_5184                                        |  16|   0|   16|          0|
    |tmp12_reg_5527                                        |  10|   0|   17|          7|
    |tmp14_reg_5421                                        |  16|   0|   16|          0|
    |tmp15_reg_5532                                        |  17|   0|   17|          0|
    |tmp20_reg_5657                                        |  19|   0|   19|          0|
    |tmp21_reg_5320                                        |  10|   0|   17|          7|
    |tmp22_reg_5426                                        |  18|   0|   18|          0|
    |tmp22_reg_5426_pp0_iter2_reg                          |  18|   0|   18|          0|
    |tmp24_reg_5204                                        |  15|   0|   15|          0|
    |tmp25_reg_5325                                        |  16|   0|   16|          0|
    |tmp26_reg_5431                                        |  15|   0|   15|          0|
    |tmp27_reg_5542                                        |  16|   0|   16|          0|
    |tmp28_reg_5612                                        |  17|   0|   17|          0|
    |tmp29_reg_5737                                        |  20|   0|   20|          0|
    |tmp30_reg_5436                                        |  16|   0|   16|          0|
    |tmp32_reg_5346                                        |  17|   0|   17|          0|
    |tmp33_reg_5351                                        |  16|   0|   16|          0|
    |tmp34_reg_5617                                        |  10|   0|   17|          7|
    |tmp36_reg_5547                                        |  16|   0|   16|          0|
    |tmp37_reg_5622                                        |  17|   0|   17|          0|
    |tmp38_reg_5702                                        |  19|   0|   19|          0|
    |tmp39_reg_5476                                        |  10|   0|   17|          7|
    |tmp40_reg_5552                                        |  18|   0|   18|          0|
    |tmp40_reg_5552_pp0_iter3_reg                          |  18|   0|   18|          0|
    |tmp42_reg_5240                                        |  15|   0|   15|          0|
    |tmp43_reg_5371                                        |  16|   0|   16|          0|
    |tmp43_reg_5371_pp0_iter2_reg                          |  16|   0|   16|          0|
    |tmp44_reg_5557                                        |  15|   0|   15|          0|
    |tmp45_reg_5632                                        |  16|   0|   16|          0|
    |tmp46_reg_5667                                        |  17|   0|   17|          0|
    |tmp47_reg_5742                                        |  20|   0|   20|          0|
    |tmp48_reg_5562                                        |  16|   0|   16|          0|
    |tmp48_reg_5562_pp0_iter3_reg                          |  16|   0|   16|          0|
    |tmp50_reg_5406                                        |  17|   0|   17|          0|
    |tmp51_reg_5492                                        |  16|   0|   16|          0|
    |tmp52_reg_5672                                        |  10|   0|   17|          7|
    |tmp54_reg_5637                                        |  16|   0|   16|          0|
    |tmp55_reg_5677                                        |  17|   0|   17|          0|
    |tmp56_reg_5727                                        |  19|   0|   19|          0|
    |tmp57_reg_5597                                        |  10|   0|   17|          7|
    |tmp58_reg_5642                                        |  18|   0|   18|          0|
    |tmp58_reg_5642_pp0_iter3_reg                          |  18|   0|   18|          0|
    |tmp60_reg_5411                                        |  15|   0|   15|          0|
    |tmp61_reg_5517                                        |  16|   0|   16|          0|
    |tmp61_reg_5517_pp0_iter2_reg                          |  16|   0|   16|          0|
    |tmp62_reg_5647                                        |  15|   0|   15|          0|
    |tmp63_reg_5687                                        |  16|   0|   16|          0|
    |tmp64_reg_5717                                        |  17|   0|   17|          0|
    |tmp65_reg_5812                                        |  20|   0|   20|          0|
    |tmp66_reg_5652                                        |  16|   0|   16|          0|
    |tmp66_reg_5652_pp0_iter3_reg                          |  16|   0|   16|          0|
    |tmp_102_2_0_1_cast_reg_4522                           |  15|   0|   15|          0|
    |tmp_102_2_0_2_reg_4529                                |  16|   0|   16|          0|
    |tmp_102_2_0_3_cast_reg_4536                           |  15|   0|   15|          0|
    |tmp_102_2_0_cast_reg_4515                             |  14|   0|   14|          0|
    |tmp_102_2_1_2_reg_4550                                |   8|   0|   16|          8|
    |tmp_102_2_1_4_cast_reg_4557                           |  15|   0|   15|          0|
    |tmp_102_2_1_reg_4543                                  |  16|   0|   16|          0|
    |tmp_102_2_2_1_reg_4571                                |  16|   0|   16|          0|
    |tmp_102_2_2_3_reg_4578                                |   8|   0|   16|          8|
    |tmp_102_2_2_4_reg_4585                                |  16|   0|   16|          0|
    |tmp_102_2_2_reg_4564                                  |   8|   0|   16|          8|
    |tmp_102_2_3_2_cast_reg_4592                           |  15|   0|   15|          0|
    |tmp_102_2_3_4_cast_reg_4599                           |  15|   0|   15|          0|
    |tmp_102_2_4_2_reg_4606                                |   8|   0|   16|          8|
    |tmp_102_2_4_3_reg_4613                                |  16|   0|   16|          0|
    |tmp_102_2_4_4_cast_reg_4620                           |  14|   0|   14|          0|
    |tmp_103_0_4_1_cast_c_reg_5043                         |  15|   0|   15|          0|
    |tmp_103_1_4_1_cast_c_reg_5108                         |  15|   0|   15|          0|
    |tmp_103_2_4_1_cast_c_reg_5275                         |  15|   0|   15|          0|
    |tmp_19_reg_4627                                       |   8|   0|   15|          7|
    |tmp_20_reg_4634                                       |   8|   0|   15|          7|
    |tmp_2_reg_832                                         |   2|   0|    2|          0|
    |tmp_5_reg_4650                                        |   1|   0|    1|          0|
    |tmp_6_reg_4658                                        |   1|   0|    1|          0|
    |tmp_8_reg_4671                                        |   1|   0|    1|          0|
    |tmp_9_reg_4694                                        |   1|   0|    1|          0|
    |tmp_9_reg_4694_pp0_iter1_reg                          |   1|   0|    1|          0|
    |exitcond449_i_reg_4667                                |  64|  32|    1|          0|
    |or_cond451_i_reg_4752                                 |  64|  32|    1|          0|
    |or_cond_i_reg_4690                                    |  64|  32|    1|          0|
    |tmp30_reg_5436                                        |  64|  32|   16|          0|
    |tmp_8_reg_4671                                        |  64|  32|    1|          0|
    +------------------------------------------------------+----+----+-----+-----------+
    |Total                                                 |3259| 160| 3047|         88|
    +------------------------------------------------------+----+----+-----+-----------+



================================================================
== Interface
================================================================
* Summary: 
+-------------------------------+-----+-----+------------+-------------------------+--------------+
|           RTL Ports           | Dir | Bits|  Protocol  |      Source Object      |    C Type    |
+-------------------------------+-----+-----+------------+-------------------------+--------------+
|ap_clk                         |  in |    1| ap_ctrl_hs |         Filter2D        | return value |
|ap_rst                         |  in |    1| ap_ctrl_hs |         Filter2D        | return value |
|ap_start                       |  in |    1| ap_ctrl_hs |         Filter2D        | return value |
|ap_done                        | out |    1| ap_ctrl_hs |         Filter2D        | return value |
|ap_idle                        | out |    1| ap_ctrl_hs |         Filter2D        | return value |
|ap_ready                       | out |    1| ap_ctrl_hs |         Filter2D        | return value |
|p_src_data_stream_0_V_dout     |  in |    8|   ap_fifo  |  p_src_data_stream_0_V  |    pointer   |
|p_src_data_stream_0_V_empty_n  |  in |    1|   ap_fifo  |  p_src_data_stream_0_V  |    pointer   |
|p_src_data_stream_0_V_read     | out |    1|   ap_fifo  |  p_src_data_stream_0_V  |    pointer   |
|p_src_data_stream_1_V_dout     |  in |    8|   ap_fifo  |  p_src_data_stream_1_V  |    pointer   |
|p_src_data_stream_1_V_empty_n  |  in |    1|   ap_fifo  |  p_src_data_stream_1_V  |    pointer   |
|p_src_data_stream_1_V_read     | out |    1|   ap_fifo  |  p_src_data_stream_1_V  |    pointer   |
|p_src_data_stream_2_V_dout     |  in |    8|   ap_fifo  |  p_src_data_stream_2_V  |    pointer   |
|p_src_data_stream_2_V_empty_n  |  in |    1|   ap_fifo  |  p_src_data_stream_2_V  |    pointer   |
|p_src_data_stream_2_V_read     | out |    1|   ap_fifo  |  p_src_data_stream_2_V  |    pointer   |
|p_dst_data_stream_0_V_din      | out |    8|   ap_fifo  |  p_dst_data_stream_0_V  |    pointer   |
|p_dst_data_stream_0_V_full_n   |  in |    1|   ap_fifo  |  p_dst_data_stream_0_V  |    pointer   |
|p_dst_data_stream_0_V_write    | out |    1|   ap_fifo  |  p_dst_data_stream_0_V  |    pointer   |
|p_dst_data_stream_1_V_din      | out |    8|   ap_fifo  |  p_dst_data_stream_1_V  |    pointer   |
|p_dst_data_stream_1_V_full_n   |  in |    1|   ap_fifo  |  p_dst_data_stream_1_V  |    pointer   |
|p_dst_data_stream_1_V_write    | out |    1|   ap_fifo  |  p_dst_data_stream_1_V  |    pointer   |
|p_dst_data_stream_2_V_din      | out |    8|   ap_fifo  |  p_dst_data_stream_2_V  |    pointer   |
|p_dst_data_stream_2_V_full_n   |  in |    1|   ap_fifo  |  p_dst_data_stream_2_V  |    pointer   |
|p_dst_data_stream_2_V_write    | out |    1|   ap_fifo  |  p_dst_data_stream_2_V  |    pointer   |
|p_kernel_val_0_V_0_read        |  in |    6|   ap_none  | p_kernel_val_0_V_0_read |    scalar    |
|p_kernel_val_0_V_1_read        |  in |    7|   ap_none  | p_kernel_val_0_V_1_read |    scalar    |
|p_kernel_val_0_V_2_read        |  in |    8|   ap_none  | p_kernel_val_0_V_2_read |    scalar    |
|p_kernel_val_0_V_3_read        |  in |    7|   ap_none  | p_kernel_val_0_V_3_read |    scalar    |
|p_kernel_val_1_V_0_read        |  in |    8|   ap_none  | p_kernel_val_1_V_0_read |    scalar    |
|p_kernel_val_1_V_2_read        |  in |    8|   ap_none  | p_kernel_val_1_V_2_read |    scalar    |
|p_kernel_val_1_V_4_read        |  in |    7|   ap_none  | p_kernel_val_1_V_4_read |    scalar    |
|p_kernel_val_2_V_0_read        |  in |    8|   ap_none  | p_kernel_val_2_V_0_read |    scalar    |
|p_kernel_val_2_V_1_read        |  in |    8|   ap_none  | p_kernel_val_2_V_1_read |    scalar    |
|p_kernel_val_2_V_3_read        |  in |    8|   ap_none  | p_kernel_val_2_V_3_read |    scalar    |
|p_kernel_val_2_V_4_read        |  in |    8|   ap_none  | p_kernel_val_2_V_4_read |    scalar    |
|p_kernel_val_3_V_0_read        |  in |    8|   ap_none  | p_kernel_val_3_V_0_read |    scalar    |
|p_kernel_val_3_V_2_read        |  in |    7|   ap_none  | p_kernel_val_3_V_2_read |    scalar    |
|p_kernel_val_3_V_4_read        |  in |    7|   ap_none  | p_kernel_val_3_V_4_read |    scalar    |
|p_kernel_val_4_V_1_read        |  in |    8|   ap_none  | p_kernel_val_4_V_1_read |    scalar    |
|p_kernel_val_4_V_2_read        |  in |    8|   ap_none  | p_kernel_val_4_V_2_read |    scalar    |
|p_kernel_val_4_V_3_read        |  in |    8|   ap_none  | p_kernel_val_4_V_3_read |    scalar    |
|p_kernel_val_4_V_4_read        |  in |    6|   ap_none  | p_kernel_val_4_V_4_read |    scalar    |
+-------------------------------+-----+-----+------------+-------------------------+--------------+

